#
# There is insufficient memory for the Java Runtime Environment to continue.
# Native memory allocation (malloc) failed to allocate 1715136 bytes for Chunk::new
# Possible reasons:
#   The system is out of physical RAM or swap space
#   The process is running with CompressedOops enabled, and the Java Heap may be blocking the growth of the native heap
# Possible solutions:
#   Reduce memory load on the system
#   Increase physical memory or swap space
#   Check if swap backing store is full
#   Decrease Java heap size (-Xmx/-Xms)
#   Decrease number of Java threads
#   Decrease Java thread stack sizes (-Xss)
#   Set larger code cache with -XX:ReservedCodeCacheSize=
#   JVM is running with Unscaled Compressed Oops mode in which the Java heap is
#     placed in the first 4GB address space. The Java Heap base address is the
#     maximum limit for the native heap growth. Please use -XX:HeapBaseMinAddress
#     to set the Java Heap base and to place the Java Heap above 4GB virtual address.
# This output file may be truncated or incomplete.
#
#  Out of Memory Error (arena.cpp:189), pid=1304, tid=2672
#
# JRE version: Java(TM) SE Runtime Environment (17.0.10+11) (build 17.0.10+11-LTS-240)
# Java VM: Java HotSpot(TM) 64-Bit Server VM (17.0.10+11-LTS-240, mixed mode, sharing, tiered, compressed oops, compressed class ptrs, g1 gc, windows-amd64)
# No core dump will be written. Minidumps are not enabled by default on client versions of Windows
#

---------------  S U M M A R Y ------------

Command Line: --add-opens=java.base/java.util=ALL-UNNAMED --add-opens=java.base/java.lang=ALL-UNNAMED --add-opens=java.base/java.lang.invoke=ALL-UNNAMED --add-opens=java.prefs/java.util.prefs=ALL-UNNAMED --add-opens=java.base/java.nio.charset=ALL-UNNAMED --add-opens=java.base/java.net=ALL-UNNAMED --add-opens=java.base/java.util.concurrent.atomic=ALL-UNNAMED -XX:MaxMetaspaceSize=384m -XX:+HeapDumpOnOutOfMemoryError -Xms256m -Xmx512m -Dfile.encoding=windows-1252 -Duser.country=US -Duser.language=en -Duser.variant -javaagent:C:\Users\ASUS\.gradle\wrapper\dists\gradle-8.8-bin\dl7vupf4psengwqhwktix4v1\gradle-8.8\lib\agents\gradle-instrumentation-agent-8.8.jar org.gradle.launcher.daemon.bootstrap.GradleDaemon 8.8

Host: Intel(R) Core(TM) i5-6200U CPU @ 2.30GHz, 4 cores, 3G,  Windows 10 , 64 bit Build 19041 (10.0.19041.2251)
Time: Wed Jun 12 10:38:04 2024 SE Asia Standard Time elapsed time: 62.557645 seconds (0d 0h 1m 2s)

---------------  T H R E A D  ---------------

Current thread (0x000001c275e8e9d0):  JavaThread "C2 CompilerThread0" daemon [_thread_in_native, id=2672, stack(0x00000061bf800000,0x00000061bf900000)]


Current CompileTask:
C2:  62558 9201   !   4       io.spring.gradle.dependencymanagement.org.codehaus.plexus.interpolation.StringSearchInterpolator::interpolate (668 bytes)

Stack: [0x00000061bf800000,0x00000061bf900000]
Native frames: (J=compiled Java code, j=interpreted, Vv=VM code, C=native code)
V  [jvm.dll+0x677a5a]
V  [jvm.dll+0x7d8b2d]
V  [jvm.dll+0x7da48e]
V  [jvm.dll+0x7daaf3]
V  [jvm.dll+0x2455ff]
V  [jvm.dll+0xaaafb]
V  [jvm.dll+0xab09c]
V  [jvm.dll+0x361bae]
V  [jvm.dll+0x32c211]
V  [jvm.dll+0x32b6aa]
V  [jvm.dll+0x21794f]
V  [jvm.dll+0x216d81]
V  [jvm.dll+0x1a3410]
V  [jvm.dll+0x226aeb]
V  [jvm.dll+0x224cab]
V  [jvm.dll+0x78e45c]
V  [jvm.dll+0x78888a]
V  [jvm.dll+0x676935]
C  [ucrtbase.dll+0x21bb2]
C  [KERNEL32.DLL+0x174b4]
C  [ntdll.dll+0x526a1]


---------------  P R O C E S S  ---------------

Threads class SMR info:
_java_thread_list=0x000001c27d0ac2c0, length=90, elements={
0x000001c26ae108c0, 0x000001c275e73bf0, 0x000001c275e75830, 0x000001c275e8b1a0,
0x000001c275e8bb70, 0x000001c275e8c440, 0x000001c275e8cd10, 0x000001c275e8e9d0,
0x000001c275e913a0, 0x000001c275e9b0d0, 0x000001c275e5cbb0, 0x000001c27a233520,
0x000001c27b9c7a50, 0x000001c27ab86310, 0x000001c27ad3fe60, 0x000001c27b7e4070,
0x000001c27b691050, 0x000001c27b82bda0, 0x000001c27b82ae70, 0x000001c27b82c7c0,
0x000001c27b82c2b0, 0x000001c27b829f40, 0x000001c27b829010, 0x000001c27b82a450,
0x000001c27b82b890, 0x000001c27b829a30, 0x000001c27b82b380, 0x000001c27d563760,
0x000001c27d563c70, 0x000001c27d561e10, 0x000001c27d5664f0, 0x000001c27d562320,
0x000001c27d561900, 0x000001c27d5650b0, 0x000001c27d5655c0, 0x000001c27d5613f0,
0x000001c27d560ee0, 0x000001c27d565ad0, 0x000001c27d564ba0, 0x000001c27d565fe0,
0x000001c27d5604c0, 0x000001c27d55f080, 0x000001c27d562d40, 0x000001c27d5609d0,
0x000001c27d566a00, 0x000001c27d563250, 0x000001c27d55f590, 0x000001c27ca25590,
0x000001c27ca2a690, 0x000001c27ca28320, 0x000001c27ca25fb0, 0x000001c27ca28830,
0x000001c27ca273f0, 0x000001c27ca29760, 0x000001c27ca2ca00, 0x000001c27ca2b0b0,
0x000001c27ca29c70, 0x000001c27ca29250, 0x000001c27ca2b5c0, 0x000001c27ca264c0,
0x000001c27ca28d40, 0x000001c27ca269d0, 0x000001c27ca26ee0, 0x000001c27ca27900,
0x000001c27ca2a180, 0x000001c27ca2aba0, 0x000001c27ca2bad0, 0x000001c27ca2c4f0,
0x000001c27ca2cf10, 0x000001c27ca25aa0, 0x000001c27b9fa360, 0x000001c27b9f8500,
0x000001c27b9f8f20, 0x000001c27b9fcbe0, 0x000001c27b9f7ff0, 0x000001c27b9fea40,
0x000001c27b9fc1c0, 0x000001c27b9fd600, 0x000001c27b9f8a10, 0x000001c27b9fef50,
0x000001c27b9ff460, 0x000001c27b9f9940, 0x000001c27b9fd0f0, 0x000001c27b9fb7a0,
0x000001c27b9ff970, 0x000001c27b9fc6d0, 0x000001c27b9fbcb0, 0x000001c27b9fdb10,
0x000001c27b9fe020, 0x000001c27b9fa870
}

Java Threads: ( => current thread )
  0x000001c26ae108c0 JavaThread "main" [_thread_blocked, id=3508, stack(0x00000061beb00000,0x00000061bec00000)]
  0x000001c275e73bf0 JavaThread "Reference Handler" daemon [_thread_blocked, id=4256, stack(0x00000061bf200000,0x00000061bf300000)]
  0x000001c275e75830 JavaThread "Finalizer" daemon [_thread_blocked, id=8828, stack(0x00000061bf300000,0x00000061bf400000)]
  0x000001c275e8b1a0 JavaThread "Signal Dispatcher" daemon [_thread_blocked, id=10332, stack(0x00000061bf400000,0x00000061bf500000)]
  0x000001c275e8bb70 JavaThread "Attach Listener" daemon [_thread_blocked, id=1088, stack(0x00000061bf500000,0x00000061bf600000)]
  0x000001c275e8c440 JavaThread "Service Thread" daemon [_thread_blocked, id=7024, stack(0x00000061bf600000,0x00000061bf700000)]
  0x000001c275e8cd10 JavaThread "Monitor Deflation Thread" daemon [_thread_blocked, id=5552, stack(0x00000061bf700000,0x00000061bf800000)]
=>0x000001c275e8e9d0 JavaThread "C2 CompilerThread0" daemon [_thread_in_native, id=2672, stack(0x00000061bf800000,0x00000061bf900000)]
  0x000001c275e913a0 JavaThread "C1 CompilerThread0" daemon [_thread_blocked, id=8812, stack(0x00000061bf900000,0x00000061bfa00000)]
  0x000001c275e9b0d0 JavaThread "Sweeper thread" daemon [_thread_blocked, id=2736, stack(0x00000061bfa00000,0x00000061bfb00000)]
  0x000001c275e5cbb0 JavaThread "Common-Cleaner" daemon [_thread_blocked, id=8864, stack(0x00000061bfb00000,0x00000061bfc00000)]
  0x000001c27a233520 JavaThread "Notification Thread" daemon [_thread_blocked, id=11068, stack(0x00000061bfc00000,0x00000061bfd00000)]
  0x000001c27b9c7a50 JavaThread "Daemon health stats" [_thread_blocked, id=1984, stack(0x00000061c0100000,0x00000061c0200000)]
  0x000001c27ab86310 JavaThread "Incoming local TCP Connector on port 50509" [_thread_in_native, id=8188, stack(0x00000061c0200000,0x00000061c0300000)]
  0x000001c27ad3fe60 JavaThread "Daemon periodic checks" [_thread_blocked, id=7200, stack(0x00000061c0300000,0x00000061c0400000)]
  0x000001c27b7e4070 JavaThread "Daemon" [_thread_blocked, id=10096, stack(0x00000061c0400000,0x00000061c0500000)]
  0x000001c27b691050 JavaThread "Handler for socket connection from /127.0.0.1:50509 to /127.0.0.1:50510" [_thread_in_native, id=10188, stack(0x00000061c0500000,0x00000061c0600000)]
  0x000001c27b82bda0 JavaThread "Cancel handler" [_thread_blocked, id=4756, stack(0x00000061c0600000,0x00000061c0700000)]
  0x000001c27b82ae70 JavaThread "Daemon worker" [_thread_blocked, id=9672, stack(0x00000061c0700000,0x00000061c0800000)]
  0x000001c27b82c7c0 JavaThread "Asynchronous log dispatcher for DefaultDaemonConnection: socket connection from /127.0.0.1:50509 to /127.0.0.1:50510" [_thread_blocked, id=6276, stack(0x00000061c0800000,0x00000061c0900000)]
  0x000001c27b82c2b0 JavaThread "Stdin handler" [_thread_blocked, id=10696, stack(0x00000061c0900000,0x00000061c0a00000)]
  0x000001c27b829f40 JavaThread "Daemon client event forwarder" [_thread_blocked, id=3676, stack(0x00000061c0a00000,0x00000061c0b00000)]
  0x000001c27b829010 JavaThread "Cache worker for journal cache (C:\Users\ASUS\.gradle\caches\journal-1)" [_thread_blocked, id=3140, stack(0x00000061c0b00000,0x00000061c0c00000)]
  0x000001c27b82a450 JavaThread "File lock request listener" [_thread_in_native, id=11256, stack(0x00000061c0c00000,0x00000061c0d00000)]
  0x000001c27b82b890 JavaThread "Cache worker for file hash cache (C:\Users\ASUS\.gradle\caches\8.8\fileHashes)" [_thread_blocked, id=6952, stack(0x00000061c0d00000,0x00000061c0e00000)]
  0x000001c27b829a30 JavaThread "File lock release action executor" [_thread_blocked, id=7544, stack(0x00000061c0e00000,0x00000061c0f00000)]
  0x000001c27b82b380 JavaThread "Cache worker for file hash cache (C:\Users\ASUS\Desktop\Module 4\testendmodule4\.gradle\8.8\fileHashes)" [_thread_blocked, id=8252, stack(0x00000061c0f00000,0x00000061c1000000)]
  0x000001c27d563760 JavaThread "File watcher server" daemon [_thread_in_native, id=5624, stack(0x00000061c1000000,0x00000061c1100000)]
  0x000001c27d563c70 JavaThread "File watcher consumer" daemon [_thread_blocked, id=13784, stack(0x00000061c1100000,0x00000061c1200000)]
  0x000001c27d561e10 JavaThread "Cache worker for checksums cache (C:\Users\ASUS\Desktop\Module 4\testendmodule4\.gradle\8.8\checksums)" [_thread_blocked, id=10820, stack(0x00000061c1200000,0x00000061c1300000)]
  0x000001c27d5664f0 JavaThread "Cache worker for file content cache (C:\Users\ASUS\.gradle\caches\8.8\fileContent)" [_thread_blocked, id=680, stack(0x00000061c1300000,0x00000061c1400000)]
  0x000001c27d562320 JavaThread "Cache worker for cache directory md-rule (C:\Users\ASUS\.gradle\caches\8.8\md-rule)" [_thread_blocked, id=12844, stack(0x00000061c1400000,0x00000061c1500000)]
  0x000001c27d561900 JavaThread "Cache worker for cache directory md-supplier (C:\Users\ASUS\.gradle\caches\8.8\md-supplier)" [_thread_blocked, id=10780, stack(0x00000061c1500000,0x00000061c1600000)]
  0x000001c27d5650b0 JavaThread "jar transforms" [_thread_blocked, id=880, stack(0x00000061c1600000,0x00000061c1700000)]
  0x000001c27d5655c0 JavaThread "jar transforms Thread 2" [_thread_blocked, id=11512, stack(0x00000061c1700000,0x00000061c1800000)]
  0x000001c27d5613f0 JavaThread "jar transforms Thread 3" [_thread_blocked, id=12724, stack(0x00000061c1800000,0x00000061c1900000)]
  0x000001c27d560ee0 JavaThread "jar transforms Thread 4" [_thread_blocked, id=6964, stack(0x00000061c1900000,0x00000061c1a00000)]
  0x000001c27d565ad0 JavaThread "Cache worker for Build Output Cleanup Cache (C:\Users\ASUS\Desktop\Module 4\testendmodule4\.gradle\buildOutputCleanup)" [_thread_blocked, id=3204, stack(0x00000061c1b00000,0x00000061c1c00000)]
  0x000001c27d564ba0 JavaThread "Unconstrained build operations" [_thread_blocked, id=2288, stack(0x00000061c1c00000,0x00000061c1d00000)]
  0x000001c27d565fe0 JavaThread "Unconstrained build operations Thread 2" [_thread_blocked, id=1256, stack(0x00000061c1d00000,0x00000061c1e00000)]
  0x000001c27d5604c0 JavaThread "Unconstrained build operations Thread 3" [_thread_blocked, id=3040, stack(0x00000061c1e00000,0x00000061c1f00000)]
  0x000001c27d55f080 JavaThread "Unconstrained build operations Thread 4" [_thread_blocked, id=13464, stack(0x00000061c1f00000,0x00000061c2000000)]
  0x000001c27d562d40 JavaThread "Unconstrained build operations Thread 5" [_thread_blocked, id=10892, stack(0x00000061c2000000,0x00000061c2100000)]
  0x000001c27d5609d0 JavaThread "Unconstrained build operations Thread 6" [_thread_blocked, id=5140, stack(0x00000061c2100000,0x00000061c2200000)]
  0x000001c27d566a00 JavaThread "Unconstrained build operations Thread 7" [_thread_blocked, id=3016, stack(0x00000061c2200000,0x00000061c2300000)]
  0x000001c27d563250 JavaThread "Unconstrained build operations Thread 8" [_thread_blocked, id=9792, stack(0x00000061c2300000,0x00000061c2400000)]
  0x000001c27d55f590 JavaThread "Unconstrained build operations Thread 9" [_thread_blocked, id=2840, stack(0x00000061c2400000,0x00000061c2500000)]
  0x000001c27ca25590 JavaThread "Memory manager" [_thread_blocked, id=7228, stack(0x00000061c2500000,0x00000061c2600000)]
  0x000001c27ca2a690 JavaThread "ForkJoinPool.commonPool-worker-1" daemon [_thread_blocked, id=8168, stack(0x00000061c2600000,0x00000061c2700000)]
  0x000001c27ca28320 JavaThread "ForkJoinPool.commonPool-worker-2" daemon [_thread_blocked, id=5652, stack(0x00000061c2700000,0x00000061c2800000)]
  0x000001c27ca25fb0 JavaThread "ForkJoinPool.commonPool-worker-3" daemon [_thread_blocked, id=6288, stack(0x00000061c2800000,0x00000061c2900000)]
  0x000001c27ca28830 JavaThread "Exec process" [_thread_blocked, id=6816, stack(0x00000061c2900000,0x00000061c2a00000)]
  0x000001c27ca273f0 JavaThread "Exec process Thread 2" [_thread_blocked, id=6764, stack(0x00000061c2a00000,0x00000061c2b00000)]
  0x000001c27ca29760 JavaThread "Exec process Thread 3" [_thread_blocked, id=6352, stack(0x00000061c2b00000,0x00000061c2c00000)]
  0x000001c27ca2ca00 JavaThread "included builds" [_thread_in_vm, id=11992, stack(0x00000061c2e00000,0x00000061c2f00000)]
  0x000001c27ca2b0b0 JavaThread "Execution worker" [_thread_blocked, id=10624, stack(0x00000061c2f00000,0x00000061c3000000)]
  0x000001c27ca29c70 JavaThread "Execution worker Thread 2" [_thread_blocked, id=4508, stack(0x00000061c3000000,0x00000061c3100000)]
  0x000001c27ca29250 JavaThread "Execution worker Thread 3" [_thread_blocked, id=8300, stack(0x00000061c3100000,0x00000061c3200000)]
  0x000001c27ca2b5c0 JavaThread "Cache worker for execution history cache (C:\Users\ASUS\Desktop\Module 4\testendmodule4\.gradle\8.8\executionHistory)" [_thread_blocked, id=4708, stack(0x00000061c3200000,0x00000061c3300000)]
  0x000001c27ca264c0 JavaThread "Unconstrained build operations Thread 10" [_thread_blocked, id=14000, stack(0x00000061c3300000,0x00000061c3400000)]
  0x000001c27ca28d40 JavaThread "Unconstrained build operations Thread 11" [_thread_blocked, id=12108, stack(0x00000061c3400000,0x00000061c3500000)]
  0x000001c27ca269d0 JavaThread "Unconstrained build operations Thread 12" [_thread_blocked, id=1412, stack(0x00000061c3500000,0x00000061c3600000)]
  0x000001c27ca26ee0 JavaThread "Unconstrained build operations Thread 13" [_thread_blocked, id=3088, stack(0x00000061c3600000,0x00000061c3700000)]
  0x000001c27ca27900 JavaThread "Unconstrained build operations Thread 14" [_thread_blocked, id=2960, stack(0x00000061c3700000,0x00000061c3800000)]
  0x000001c27ca2a180 JavaThread "Unconstrained build operations Thread 15" [_thread_blocked, id=4596, stack(0x00000061c3800000,0x00000061c3900000)]
  0x000001c27ca2aba0 JavaThread "Unconstrained build operations Thread 16" [_thread_blocked, id=11636, stack(0x00000061c3900000,0x00000061c3a00000)]
  0x000001c27ca2bad0 JavaThread "Unconstrained build operations Thread 17" [_thread_blocked, id=12356, stack(0x00000061c3a00000,0x00000061c3b00000)]
  0x000001c27ca2c4f0 JavaThread "Unconstrained build operations Thread 18" [_thread_blocked, id=9284, stack(0x00000061c3b00000,0x00000061c3c00000)]
  0x000001c27ca2cf10 JavaThread "Unconstrained build operations Thread 19" [_thread_blocked, id=4020, stack(0x00000061c3c00000,0x00000061c3d00000)]
  0x000001c27ca25aa0 JavaThread "Unconstrained build operations Thread 20" [_thread_blocked, id=1064, stack(0x00000061c3d00000,0x00000061c3e00000)]
  0x000001c27b9fa360 JavaThread "Unconstrained build operations Thread 21" [_thread_blocked, id=13820, stack(0x00000061c3e00000,0x00000061c3f00000)]
  0x000001c27b9f8500 JavaThread "Unconstrained build operations Thread 22" [_thread_blocked, id=9976, stack(0x00000061c3f00000,0x00000061c4000000)]
  0x000001c27b9f8f20 JavaThread "Unconstrained build operations Thread 23" [_thread_blocked, id=12236, stack(0x00000061c4000000,0x00000061c4100000)]
  0x000001c27b9fcbe0 JavaThread "Unconstrained build operations Thread 24" [_thread_blocked, id=5496, stack(0x00000061c4100000,0x00000061c4200000)]
  0x000001c27b9f7ff0 JavaThread "Unconstrained build operations Thread 25" [_thread_blocked, id=1480, stack(0x00000061c4200000,0x00000061c4300000)]
  0x000001c27b9fea40 JavaThread "Unconstrained build operations Thread 26" [_thread_blocked, id=9704, stack(0x00000061c4300000,0x00000061c4400000)]
  0x000001c27b9fc1c0 JavaThread "Unconstrained build operations Thread 27" [_thread_blocked, id=3836, stack(0x00000061c4400000,0x00000061c4500000)]
  0x000001c27b9fd600 JavaThread "Unconstrained build operations Thread 28" [_thread_blocked, id=8156, stack(0x00000061c4500000,0x00000061c4600000)]
  0x000001c27b9f8a10 JavaThread "Unconstrained build operations Thread 29" [_thread_blocked, id=9400, stack(0x00000061c4600000,0x00000061c4700000)]
  0x000001c27b9fef50 JavaThread "Unconstrained build operations Thread 30" [_thread_blocked, id=228, stack(0x00000061c4700000,0x00000061c4800000)]
  0x000001c27b9ff460 JavaThread "Unconstrained build operations Thread 31" [_thread_blocked, id=8920, stack(0x00000061c4800000,0x00000061c4900000)]
  0x000001c27b9f9940 JavaThread "Unconstrained build operations Thread 32" [_thread_blocked, id=6980, stack(0x00000061c4900000,0x00000061c4a00000)]
  0x000001c27b9fd0f0 JavaThread "Unconstrained build operations Thread 33" [_thread_blocked, id=4340, stack(0x00000061c4a00000,0x00000061c4b00000)]
  0x000001c27b9fb7a0 JavaThread "Unconstrained build operations Thread 34" [_thread_blocked, id=10196, stack(0x00000061c4b00000,0x00000061c4c00000)]
  0x000001c27b9ff970 JavaThread "Unconstrained build operations Thread 35" [_thread_blocked, id=8104, stack(0x00000061c4c00000,0x00000061c4d00000)]
  0x000001c27b9fc6d0 JavaThread "Unconstrained build operations Thread 36" [_thread_blocked, id=12496, stack(0x00000061c4d00000,0x00000061c4e00000)]
  0x000001c27b9fbcb0 JavaThread "Unconstrained build operations Thread 37" [_thread_blocked, id=9712, stack(0x00000061c4e00000,0x00000061c4f00000)]
  0x000001c27b9fdb10 JavaThread "Unconstrained build operations Thread 38" [_thread_blocked, id=10160, stack(0x00000061c4f00000,0x00000061c5000000)]
  0x000001c27b9fe020 JavaThread "Unconstrained build operations Thread 39" [_thread_blocked, id=1864, stack(0x00000061c5000000,0x00000061c5100000)]
  0x000001c27b9fa870 JavaThread "Unconstrained build operations Thread 40" [_thread_blocked, id=14152, stack(0x00000061c5100000,0x00000061c5200000)]

Other Threads:
  0x000001c275e6f920 VMThread "VM Thread" [stack: 0x00000061bf100000,0x00000061bf200000] [id=12416]
  0x000001c26ae126a0 WatcherThread [stack: 0x00000061bfd00000,0x00000061bfe00000] [id=10608]
  0x000001c26ae3d9d0 GCTaskThread "GC Thread#0" [stack: 0x00000061bec00000,0x00000061bed00000] [id=13316]
  0x000001c27a3b9fd0 GCTaskThread "GC Thread#1" [stack: 0x00000061bfe00000,0x00000061bff00000] [id=10280]
  0x000001c27a44fc90 GCTaskThread "GC Thread#2" [stack: 0x00000061bff00000,0x00000061c0000000] [id=10324]
  0x000001c27a44ff50 GCTaskThread "GC Thread#3" [stack: 0x00000061c0000000,0x00000061c0100000] [id=5008]
  0x000001c26ae44850 ConcurrentGCThread "G1 Main Marker" [stack: 0x00000061bed00000,0x00000061bee00000] [id=10344]
  0x000001c26ae45170 ConcurrentGCThread "G1 Conc#0" [stack: 0x00000061bee00000,0x00000061bef00000] [id=14096]
  0x000001c26aeee970 ConcurrentGCThread "G1 Refine#0" [stack: 0x00000061bef00000,0x00000061bf000000] [id=7020]
  0x000001c27cde57b0 ConcurrentGCThread "G1 Refine#1" [stack: 0x00000061c1a00000,0x00000061c1b00000] [id=13400]
  0x000001c275d364b0 ConcurrentGCThread "G1 Service" [stack: 0x00000061bf000000,0x00000061bf100000] [id=1484]

Threads with active compile tasks:
C2 CompilerThread0    62661 9201   !   4       io.spring.gradle.dependencymanagement.org.codehaus.plexus.interpolation.StringSearchInterpolator::interpolate (668 bytes)
C1 CompilerThread0    62661 9260       1       io.spring.gradle.dependencymanagement.org.apache.maven.model.building.ModelCacheTag$1::getName (3 bytes)

VM state: not at safepoint (normal execution)

VM Mutex/Monitor currently owned by a thread: None

Heap address: 0x00000000e0000000, size: 512 MB, Compressed Oops mode: 32-bit

CDS archive(s) mapped at: [0x000001c20f000000-0x000001c20fbd0000-0x000001c20fbd0000), size 12386304, SharedBaseAddress: 0x000001c20f000000, ArchiveRelocationMode: 1.
Compressed class space mapped at: 0x000001c210000000-0x000001c224000000, reserved size: 335544320
Narrow klass base: 0x000001c20f000000, Narrow klass shift: 0, Narrow klass range: 0x100000000

GC Precious Log:
 CPUs: 4 total, 4 available
 Memory: 3960M
 Large Page Support: Disabled
 NUMA Support: Disabled
 Compressed Oops: Enabled (32-bit)
 Heap Region Size: 1M
 Heap Min Capacity: 256M
 Heap Initial Capacity: 256M
 Heap Max Capacity: 512M
 Pre-touch: Disabled
 Parallel Workers: 4
 Concurrent Workers: 1
 Concurrent Refinement Workers: 4
 Periodic GC: Disabled

Heap:
 garbage-first heap   total 262144K, used 66479K [0x00000000e0000000, 0x0000000100000000)
  region size 1024K, 35 young (35840K), 20 survivors (20480K)
 Metaspace       used 55019K, committed 55616K, reserved 393216K
  class space    used 7694K, committed 8000K, reserved 327680K

Heap Regions: E=young(eden), S=young(survivor), O=old, HS=humongous(starts), HC=humongous(continues), CS=collection set, F=free, OA=open archive, CA=closed archive, TAMS=top-at-mark-start (previous, next)
|   0|0x00000000e0000000, 0x00000000e0100000, 0x00000000e0100000|100%|HS|  |TAMS 0x00000000e0100000, 0x00000000e0000000| Complete 
|   1|0x00000000e0100000, 0x00000000e0200000, 0x00000000e0200000|100%|HC|  |TAMS 0x00000000e0200000, 0x00000000e0100000| Complete 
|   2|0x00000000e0200000, 0x00000000e0300000, 0x00000000e0300000|100%|HC|  |TAMS 0x00000000e0300000, 0x00000000e0200000| Complete 
|   3|0x00000000e0300000, 0x00000000e0400000, 0x00000000e0400000|100%|HC|  |TAMS 0x00000000e0400000, 0x00000000e0300000| Complete 
|   4|0x00000000e0400000, 0x00000000e0500000, 0x00000000e0500000|100%| O|  |TAMS 0x00000000e0500000, 0x00000000e0400000| Untracked 
|   5|0x00000000e0500000, 0x00000000e0500000, 0x00000000e0600000|  0%| F|  |TAMS 0x00000000e0500000, 0x00000000e0500000| Untracked 
|   6|0x00000000e0600000, 0x00000000e0700000, 0x00000000e0700000|100%| O|  |TAMS 0x00000000e0700000, 0x00000000e0600000| Untracked 
|   7|0x00000000e0700000, 0x00000000e0800000, 0x00000000e0800000|100%| O|  |TAMS 0x00000000e0800000, 0x00000000e0700000| Untracked 
|   8|0x00000000e0800000, 0x00000000e0900000, 0x00000000e0900000|100%| O|  |TAMS 0x00000000e0900000, 0x00000000e0800000| Untracked 
|   9|0x00000000e0900000, 0x00000000e0a00000, 0x00000000e0a00000|100%| O|  |TAMS 0x00000000e0a00000, 0x00000000e0900000| Untracked 
|  10|0x00000000e0a00000, 0x00000000e0b00000, 0x00000000e0b00000|100%| O|  |TAMS 0x00000000e0b00000, 0x00000000e0a00000| Untracked 
|  11|0x00000000e0b00000, 0x00000000e0c00000, 0x00000000e0c00000|100%|HS|  |TAMS 0x00000000e0c00000, 0x00000000e0b00000| Complete 
|  12|0x00000000e0c00000, 0x00000000e0d00000, 0x00000000e0d00000|100%| O|  |TAMS 0x00000000e0d00000, 0x00000000e0c00000| Untracked 
|  13|0x00000000e0d00000, 0x00000000e0e00000, 0x00000000e0e00000|100%| O|  |TAMS 0x00000000e0e00000, 0x00000000e0d00000| Untracked 
|  14|0x00000000e0e00000, 0x00000000e0f00000, 0x00000000e0f00000|100%| O|  |TAMS 0x00000000e0f00000, 0x00000000e0e00000| Untracked 
|  15|0x00000000e0f00000, 0x00000000e1000000, 0x00000000e1000000|100%| O|  |TAMS 0x00000000e1000000, 0x00000000e0f00000| Untracked 
|  16|0x00000000e1000000, 0x00000000e1100000, 0x00000000e1100000|100%| O|  |TAMS 0x00000000e1100000, 0x00000000e1000000| Untracked 
|  17|0x00000000e1100000, 0x00000000e1200000, 0x00000000e1200000|100%| O|  |TAMS 0x00000000e1200000, 0x00000000e1100000| Untracked 
|  18|0x00000000e1200000, 0x00000000e1300000, 0x00000000e1300000|100%| O|  |TAMS 0x00000000e1300000, 0x00000000e1200000| Untracked 
|  19|0x00000000e1300000, 0x00000000e1400000, 0x00000000e1400000|100%| O|  |TAMS 0x00000000e1400000, 0x00000000e1300000| Untracked 
|  20|0x00000000e1400000, 0x00000000e1500000, 0x00000000e1500000|100%| O|  |TAMS 0x00000000e1500000, 0x00000000e1400000| Untracked 
|  21|0x00000000e1500000, 0x00000000e1600000, 0x00000000e1600000|100%| O|  |TAMS 0x00000000e1600000, 0x00000000e1500000| Untracked 
|  22|0x00000000e1600000, 0x00000000e1700000, 0x00000000e1700000|100%| O|  |TAMS 0x00000000e1700000, 0x00000000e1600000| Untracked 
|  23|0x00000000e1700000, 0x00000000e1800000, 0x00000000e1800000|100%| O|  |TAMS 0x00000000e1800000, 0x00000000e1700000| Untracked 
|  24|0x00000000e1800000, 0x00000000e1900000, 0x00000000e1900000|100%| O|  |TAMS 0x00000000e1900000, 0x00000000e1800000| Untracked 
|  25|0x00000000e1900000, 0x00000000e1a00000, 0x00000000e1a00000|100%| O|  |TAMS 0x00000000e1a00000, 0x00000000e1900000| Untracked 
|  26|0x00000000e1a00000, 0x00000000e1b00000, 0x00000000e1b00000|100%| O|  |TAMS 0x00000000e1b00000, 0x00000000e1a00000| Untracked 
|  27|0x00000000e1b00000, 0x00000000e1c00000, 0x00000000e1c00000|100%| O|  |TAMS 0x00000000e1c00000, 0x00000000e1b00000| Untracked 
|  28|0x00000000e1c00000, 0x00000000e1d00000, 0x00000000e1d00000|100%| O|  |TAMS 0x00000000e1d00000, 0x00000000e1c00000| Untracked 
|  29|0x00000000e1d00000, 0x00000000e1e00000, 0x00000000e1e00000|100%| O|  |TAMS 0x00000000e1e00000, 0x00000000e1d00000| Untracked 
|  30|0x00000000e1e00000, 0x00000000e1f00000, 0x00000000e1f00000|100%| O|  |TAMS 0x00000000e1f00000, 0x00000000e1e00000| Untracked 
|  31|0x00000000e1f00000, 0x00000000e2000000, 0x00000000e2000000|100%| O|  |TAMS 0x00000000e2000000, 0x00000000e1f00000| Untracked 
|  32|0x00000000e2000000, 0x00000000e2000000, 0x00000000e2100000|  0%| F|  |TAMS 0x00000000e2000000, 0x00000000e2000000| Untracked 
|  33|0x00000000e2100000, 0x00000000e2100000, 0x00000000e2200000|  0%| F|  |TAMS 0x00000000e2100000, 0x00000000e2100000| Untracked 
|  34|0x00000000e2200000, 0x00000000e2200000, 0x00000000e2300000|  0%| F|  |TAMS 0x00000000e2200000, 0x00000000e2200000| Untracked 
|  35|0x00000000e2300000, 0x00000000e2300000, 0x00000000e2400000|  0%| F|  |TAMS 0x00000000e2300000, 0x00000000e2300000| Untracked 
|  36|0x00000000e2400000, 0x00000000e2400000, 0x00000000e2500000|  0%| F|  |TAMS 0x00000000e2400000, 0x00000000e2400000| Untracked 
|  37|0x00000000e2500000, 0x00000000e2500000, 0x00000000e2600000|  0%| F|  |TAMS 0x00000000e2500000, 0x00000000e2500000| Untracked 
|  38|0x00000000e2600000, 0x00000000e2600000, 0x00000000e2700000|  0%| F|  |TAMS 0x00000000e2600000, 0x00000000e2600000| Untracked 
|  39|0x00000000e2700000, 0x00000000e2700000, 0x00000000e2800000|  0%| F|  |TAMS 0x00000000e2700000, 0x00000000e2700000| Untracked 
|  40|0x00000000e2800000, 0x00000000e2800000, 0x00000000e2900000|  0%| F|  |TAMS 0x00000000e2800000, 0x00000000e2800000| Untracked 
|  41|0x00000000e2900000, 0x00000000e2900000, 0x00000000e2a00000|  0%| F|  |TAMS 0x00000000e2900000, 0x00000000e2900000| Untracked 
|  42|0x00000000e2a00000, 0x00000000e2a00000, 0x00000000e2b00000|  0%| F|  |TAMS 0x00000000e2a00000, 0x00000000e2a00000| Untracked 
|  43|0x00000000e2b00000, 0x00000000e2b00000, 0x00000000e2c00000|  0%| F|  |TAMS 0x00000000e2b00000, 0x00000000e2b00000| Untracked 
|  44|0x00000000e2c00000, 0x00000000e2c00000, 0x00000000e2d00000|  0%| F|  |TAMS 0x00000000e2c00000, 0x00000000e2c00000| Untracked 
|  45|0x00000000e2d00000, 0x00000000e2d00000, 0x00000000e2e00000|  0%| F|  |TAMS 0x00000000e2d00000, 0x00000000e2d00000| Untracked 
|  46|0x00000000e2e00000, 0x00000000e2e00000, 0x00000000e2f00000|  0%| F|  |TAMS 0x00000000e2e00000, 0x00000000e2e00000| Untracked 
|  47|0x00000000e2f00000, 0x00000000e2f00000, 0x00000000e3000000|  0%| F|  |TAMS 0x00000000e2f00000, 0x00000000e2f00000| Untracked 
|  48|0x00000000e3000000, 0x00000000e3000000, 0x00000000e3100000|  0%| F|  |TAMS 0x00000000e3000000, 0x00000000e3000000| Untracked 
|  49|0x00000000e3100000, 0x00000000e3100000, 0x00000000e3200000|  0%| F|  |TAMS 0x00000000e3100000, 0x00000000e3100000| Untracked 
|  50|0x00000000e3200000, 0x00000000e3200000, 0x00000000e3300000|  0%| F|  |TAMS 0x00000000e3200000, 0x00000000e3200000| Untracked 
|  51|0x00000000e3300000, 0x00000000e3300000, 0x00000000e3400000|  0%| F|  |TAMS 0x00000000e3300000, 0x00000000e3300000| Untracked 
|  52|0x00000000e3400000, 0x00000000e3400000, 0x00000000e3500000|  0%| F|  |TAMS 0x00000000e3400000, 0x00000000e3400000| Untracked 
|  53|0x00000000e3500000, 0x00000000e3500000, 0x00000000e3600000|  0%| F|  |TAMS 0x00000000e3500000, 0x00000000e3500000| Untracked 
|  54|0x00000000e3600000, 0x00000000e3600000, 0x00000000e3700000|  0%| F|  |TAMS 0x00000000e3600000, 0x00000000e3600000| Untracked 
|  55|0x00000000e3700000, 0x00000000e3700000, 0x00000000e3800000|  0%| F|  |TAMS 0x00000000e3700000, 0x00000000e3700000| Untracked 
|  56|0x00000000e3800000, 0x00000000e3800000, 0x00000000e3900000|  0%| F|  |TAMS 0x00000000e3800000, 0x00000000e3800000| Untracked 
|  57|0x00000000e3900000, 0x00000000e3900000, 0x00000000e3a00000|  0%| F|  |TAMS 0x00000000e3900000, 0x00000000e3900000| Untracked 
|  58|0x00000000e3a00000, 0x00000000e3a00000, 0x00000000e3b00000|  0%| F|  |TAMS 0x00000000e3a00000, 0x00000000e3a00000| Untracked 
|  59|0x00000000e3b00000, 0x00000000e3b00000, 0x00000000e3c00000|  0%| F|  |TAMS 0x00000000e3b00000, 0x00000000e3b00000| Untracked 
|  60|0x00000000e3c00000, 0x00000000e3c00000, 0x00000000e3d00000|  0%| F|  |TAMS 0x00000000e3c00000, 0x00000000e3c00000| Untracked 
|  61|0x00000000e3d00000, 0x00000000e3d00000, 0x00000000e3e00000|  0%| F|  |TAMS 0x00000000e3d00000, 0x00000000e3d00000| Untracked 
|  62|0x00000000e3e00000, 0x00000000e3e00000, 0x00000000e3f00000|  0%| F|  |TAMS 0x00000000e3e00000, 0x00000000e3e00000| Untracked 
|  63|0x00000000e3f00000, 0x00000000e3f00000, 0x00000000e4000000|  0%| F|  |TAMS 0x00000000e3f00000, 0x00000000e3f00000| Untracked 
|  64|0x00000000e4000000, 0x00000000e4000000, 0x00000000e4100000|  0%| F|  |TAMS 0x00000000e4000000, 0x00000000e4000000| Untracked 
|  65|0x00000000e4100000, 0x00000000e4100000, 0x00000000e4200000|  0%| F|  |TAMS 0x00000000e4100000, 0x00000000e4100000| Untracked 
|  66|0x00000000e4200000, 0x00000000e4200000, 0x00000000e4300000|  0%| F|  |TAMS 0x00000000e4200000, 0x00000000e4200000| Untracked 
|  67|0x00000000e4300000, 0x00000000e4300000, 0x00000000e4400000|  0%| F|  |TAMS 0x00000000e4300000, 0x00000000e4300000| Untracked 
|  68|0x00000000e4400000, 0x00000000e4400000, 0x00000000e4500000|  0%| F|  |TAMS 0x00000000e4400000, 0x00000000e4400000| Untracked 
|  69|0x00000000e4500000, 0x00000000e4500000, 0x00000000e4600000|  0%| F|  |TAMS 0x00000000e4500000, 0x00000000e4500000| Untracked 
|  70|0x00000000e4600000, 0x00000000e4600000, 0x00000000e4700000|  0%| F|  |TAMS 0x00000000e4600000, 0x00000000e4600000| Untracked 
|  71|0x00000000e4700000, 0x00000000e4700000, 0x00000000e4800000|  0%| F|  |TAMS 0x00000000e4700000, 0x00000000e4700000| Untracked 
|  72|0x00000000e4800000, 0x00000000e4800000, 0x00000000e4900000|  0%| F|  |TAMS 0x00000000e4800000, 0x00000000e4800000| Untracked 
|  73|0x00000000e4900000, 0x00000000e4900000, 0x00000000e4a00000|  0%| F|  |TAMS 0x00000000e4900000, 0x00000000e4900000| Untracked 
|  74|0x00000000e4a00000, 0x00000000e4a00000, 0x00000000e4b00000|  0%| F|  |TAMS 0x00000000e4a00000, 0x00000000e4a00000| Untracked 
|  75|0x00000000e4b00000, 0x00000000e4b00000, 0x00000000e4c00000|  0%| F|  |TAMS 0x00000000e4b00000, 0x00000000e4b00000| Untracked 
|  76|0x00000000e4c00000, 0x00000000e4c00000, 0x00000000e4d00000|  0%| F|  |TAMS 0x00000000e4c00000, 0x00000000e4c00000| Untracked 
|  77|0x00000000e4d00000, 0x00000000e4d00000, 0x00000000e4e00000|  0%| F|  |TAMS 0x00000000e4d00000, 0x00000000e4d00000| Untracked 
|  78|0x00000000e4e00000, 0x00000000e4e00000, 0x00000000e4f00000|  0%| F|  |TAMS 0x00000000e4e00000, 0x00000000e4e00000| Untracked 
|  79|0x00000000e4f00000, 0x00000000e4f00000, 0x00000000e5000000|  0%| F|  |TAMS 0x00000000e4f00000, 0x00000000e4f00000| Untracked 
|  80|0x00000000e5000000, 0x00000000e5000000, 0x00000000e5100000|  0%| F|  |TAMS 0x00000000e5000000, 0x00000000e5000000| Untracked 
|  81|0x00000000e5100000, 0x00000000e5100000, 0x00000000e5200000|  0%| F|  |TAMS 0x00000000e5100000, 0x00000000e5100000| Untracked 
|  82|0x00000000e5200000, 0x00000000e5200000, 0x00000000e5300000|  0%| F|  |TAMS 0x00000000e5200000, 0x00000000e5200000| Untracked 
|  83|0x00000000e5300000, 0x00000000e53ebd28, 0x00000000e5400000| 92%| S|CS|TAMS 0x00000000e5300000, 0x00000000e5300000| Complete 
|  84|0x00000000e5400000, 0x00000000e5500000, 0x00000000e5500000|100%| S|CS|TAMS 0x00000000e5400000, 0x00000000e5400000| Complete 
|  85|0x00000000e5500000, 0x00000000e5600000, 0x00000000e5600000|100%| S|CS|TAMS 0x00000000e5500000, 0x00000000e5500000| Complete 
|  86|0x00000000e5600000, 0x00000000e5700000, 0x00000000e5700000|100%| S|CS|TAMS 0x00000000e5600000, 0x00000000e5600000| Complete 
|  87|0x00000000e5700000, 0x00000000e5800000, 0x00000000e5800000|100%| S|CS|TAMS 0x00000000e5700000, 0x00000000e5700000| Complete 
|  88|0x00000000e5800000, 0x00000000e5900000, 0x00000000e5900000|100%| S|CS|TAMS 0x00000000e5800000, 0x00000000e5800000| Complete 
|  89|0x00000000e5900000, 0x00000000e5a00000, 0x00000000e5a00000|100%| S|CS|TAMS 0x00000000e5900000, 0x00000000e5900000| Complete 
|  90|0x00000000e5a00000, 0x00000000e5b00000, 0x00000000e5b00000|100%| S|CS|TAMS 0x00000000e5a00000, 0x00000000e5a00000| Complete 
|  91|0x00000000e5b00000, 0x00000000e5c00000, 0x00000000e5c00000|100%| S|CS|TAMS 0x00000000e5b00000, 0x00000000e5b00000| Complete 
|  92|0x00000000e5c00000, 0x00000000e5d00000, 0x00000000e5d00000|100%| S|CS|TAMS 0x00000000e5c00000, 0x00000000e5c00000| Complete 
|  93|0x00000000e5d00000, 0x00000000e5e00000, 0x00000000e5e00000|100%| S|CS|TAMS 0x00000000e5d00000, 0x00000000e5d00000| Complete 
|  94|0x00000000e5e00000, 0x00000000e5f00000, 0x00000000e5f00000|100%| S|CS|TAMS 0x00000000e5e00000, 0x00000000e5e00000| Complete 
|  95|0x00000000e5f00000, 0x00000000e6000000, 0x00000000e6000000|100%| S|CS|TAMS 0x00000000e5f00000, 0x00000000e5f00000| Complete 
|  96|0x00000000e6000000, 0x00000000e6100000, 0x00000000e6100000|100%| S|CS|TAMS 0x00000000e6000000, 0x00000000e6000000| Complete 
|  97|0x00000000e6100000, 0x00000000e6200000, 0x00000000e6200000|100%| S|CS|TAMS 0x00000000e6100000, 0x00000000e6100000| Complete 
|  98|0x00000000e6200000, 0x00000000e6300000, 0x00000000e6300000|100%| S|CS|TAMS 0x00000000e6200000, 0x00000000e6200000| Complete 
|  99|0x00000000e6300000, 0x00000000e6400000, 0x00000000e6400000|100%| S|CS|TAMS 0x00000000e6300000, 0x00000000e6300000| Complete 
| 100|0x00000000e6400000, 0x00000000e6500000, 0x00000000e6500000|100%| S|CS|TAMS 0x00000000e6400000, 0x00000000e6400000| Complete 
| 101|0x00000000e6500000, 0x00000000e6600000, 0x00000000e6600000|100%| S|CS|TAMS 0x00000000e6500000, 0x00000000e6500000| Complete 
| 102|0x00000000e6600000, 0x00000000e6600000, 0x00000000e6700000|  0%| F|  |TAMS 0x00000000e6600000, 0x00000000e6600000| Untracked 
| 103|0x00000000e6700000, 0x00000000e6700000, 0x00000000e6800000|  0%| F|  |TAMS 0x00000000e6700000, 0x00000000e6700000| Untracked 
| 104|0x00000000e6800000, 0x00000000e6800000, 0x00000000e6900000|  0%| F|  |TAMS 0x00000000e6800000, 0x00000000e6800000| Untracked 
| 105|0x00000000e6900000, 0x00000000e6900000, 0x00000000e6a00000|  0%| F|  |TAMS 0x00000000e6900000, 0x00000000e6900000| Untracked 
| 106|0x00000000e6a00000, 0x00000000e6a00000, 0x00000000e6b00000|  0%| F|  |TAMS 0x00000000e6a00000, 0x00000000e6a00000| Untracked 
| 107|0x00000000e6b00000, 0x00000000e6b00000, 0x00000000e6c00000|  0%| F|  |TAMS 0x00000000e6b00000, 0x00000000e6b00000| Untracked 
| 108|0x00000000e6c00000, 0x00000000e6c00000, 0x00000000e6d00000|  0%| F|  |TAMS 0x00000000e6c00000, 0x00000000e6c00000| Untracked 
| 109|0x00000000e6d00000, 0x00000000e6d00000, 0x00000000e6e00000|  0%| F|  |TAMS 0x00000000e6d00000, 0x00000000e6d00000| Untracked 
| 110|0x00000000e6e00000, 0x00000000e6e00000, 0x00000000e6f00000|  0%| F|  |TAMS 0x00000000e6e00000, 0x00000000e6e00000| Untracked 
| 111|0x00000000e6f00000, 0x00000000e6f00000, 0x00000000e7000000|  0%| F|  |TAMS 0x00000000e6f00000, 0x00000000e6f00000| Untracked 
| 112|0x00000000e7000000, 0x00000000e7100000, 0x00000000e7100000|100%| S|CS|TAMS 0x00000000e7000000, 0x00000000e7000000| Complete 
| 113|0x00000000e7100000, 0x00000000e7100000, 0x00000000e7200000|  0%| F|  |TAMS 0x00000000e7100000, 0x00000000e7100000| Untracked 
| 114|0x00000000e7200000, 0x00000000e7200000, 0x00000000e7300000|  0%| F|  |TAMS 0x00000000e7200000, 0x00000000e7200000| Untracked 
| 115|0x00000000e7300000, 0x00000000e7300000, 0x00000000e7400000|  0%| F|  |TAMS 0x00000000e7300000, 0x00000000e7300000| Untracked 
| 116|0x00000000e7400000, 0x00000000e7400000, 0x00000000e7500000|  0%| F|  |TAMS 0x00000000e7400000, 0x00000000e7400000| Untracked 
| 117|0x00000000e7500000, 0x00000000e7500000, 0x00000000e7600000|  0%| F|  |TAMS 0x00000000e7500000, 0x00000000e7500000| Untracked 
| 118|0x00000000e7600000, 0x00000000e7600000, 0x00000000e7700000|  0%| F|  |TAMS 0x00000000e7600000, 0x00000000e7600000| Untracked 
| 119|0x00000000e7700000, 0x00000000e7700000, 0x00000000e7800000|  0%| F|  |TAMS 0x00000000e7700000, 0x00000000e7700000| Untracked 
| 120|0x00000000e7800000, 0x00000000e7800000, 0x00000000e7900000|  0%| F|  |TAMS 0x00000000e7800000, 0x00000000e7800000| Untracked 
| 121|0x00000000e7900000, 0x00000000e7900000, 0x00000000e7a00000|  0%| F|  |TAMS 0x00000000e7900000, 0x00000000e7900000| Untracked 
| 122|0x00000000e7a00000, 0x00000000e7a00000, 0x00000000e7b00000|  0%| F|  |TAMS 0x00000000e7a00000, 0x00000000e7a00000| Untracked 
| 123|0x00000000e7b00000, 0x00000000e7b00000, 0x00000000e7c00000|  0%| F|  |TAMS 0x00000000e7b00000, 0x00000000e7b00000| Untracked 
| 124|0x00000000e7c00000, 0x00000000e7c00000, 0x00000000e7d00000|  0%| F|  |TAMS 0x00000000e7c00000, 0x00000000e7c00000| Untracked 
| 125|0x00000000e7d00000, 0x00000000e7d00000, 0x00000000e7e00000|  0%| F|  |TAMS 0x00000000e7d00000, 0x00000000e7d00000| Untracked 
| 126|0x00000000e7e00000, 0x00000000e7e00000, 0x00000000e7f00000|  0%| F|  |TAMS 0x00000000e7e00000, 0x00000000e7e00000| Untracked 
| 127|0x00000000e7f00000, 0x00000000e7f00000, 0x00000000e8000000|  0%| F|  |TAMS 0x00000000e7f00000, 0x00000000e7f00000| Untracked 
| 128|0x00000000e8000000, 0x00000000e8000000, 0x00000000e8100000|  0%| F|  |TAMS 0x00000000e8000000, 0x00000000e8000000| Untracked 
| 129|0x00000000e8100000, 0x00000000e8100000, 0x00000000e8200000|  0%| F|  |TAMS 0x00000000e8100000, 0x00000000e8100000| Untracked 
| 130|0x00000000e8200000, 0x00000000e8200000, 0x00000000e8300000|  0%| F|  |TAMS 0x00000000e8200000, 0x00000000e8200000| Untracked 
| 131|0x00000000e8300000, 0x00000000e8300000, 0x00000000e8400000|  0%| F|  |TAMS 0x00000000e8300000, 0x00000000e8300000| Untracked 
| 132|0x00000000e8400000, 0x00000000e8400000, 0x00000000e8500000|  0%| F|  |TAMS 0x00000000e8400000, 0x00000000e8400000| Untracked 
| 133|0x00000000e8500000, 0x00000000e8500000, 0x00000000e8600000|  0%| F|  |TAMS 0x00000000e8500000, 0x00000000e8500000| Untracked 
| 134|0x00000000e8600000, 0x00000000e8600000, 0x00000000e8700000|  0%| F|  |TAMS 0x00000000e8600000, 0x00000000e8600000| Untracked 
| 135|0x00000000e8700000, 0x00000000e8700000, 0x00000000e8800000|  0%| F|  |TAMS 0x00000000e8700000, 0x00000000e8700000| Untracked 
| 136|0x00000000e8800000, 0x00000000e8800000, 0x00000000e8900000|  0%| F|  |TAMS 0x00000000e8800000, 0x00000000e8800000| Untracked 
| 137|0x00000000e8900000, 0x00000000e8900000, 0x00000000e8a00000|  0%| F|  |TAMS 0x00000000e8900000, 0x00000000e8900000| Untracked 
| 138|0x00000000e8a00000, 0x00000000e8a00000, 0x00000000e8b00000|  0%| F|  |TAMS 0x00000000e8a00000, 0x00000000e8a00000| Untracked 
| 139|0x00000000e8b00000, 0x00000000e8b00000, 0x00000000e8c00000|  0%| F|  |TAMS 0x00000000e8b00000, 0x00000000e8b00000| Untracked 
| 140|0x00000000e8c00000, 0x00000000e8c00000, 0x00000000e8d00000|  0%| F|  |TAMS 0x00000000e8c00000, 0x00000000e8c00000| Untracked 
| 141|0x00000000e8d00000, 0x00000000e8d00000, 0x00000000e8e00000|  0%| F|  |TAMS 0x00000000e8d00000, 0x00000000e8d00000| Untracked 
| 142|0x00000000e8e00000, 0x00000000e8e00000, 0x00000000e8f00000|  0%| F|  |TAMS 0x00000000e8e00000, 0x00000000e8e00000| Untracked 
| 143|0x00000000e8f00000, 0x00000000e8f00000, 0x00000000e9000000|  0%| F|  |TAMS 0x00000000e8f00000, 0x00000000e8f00000| Untracked 
| 144|0x00000000e9000000, 0x00000000e9000000, 0x00000000e9100000|  0%| F|  |TAMS 0x00000000e9000000, 0x00000000e9000000| Untracked 
| 145|0x00000000e9100000, 0x00000000e9100000, 0x00000000e9200000|  0%| F|  |TAMS 0x00000000e9100000, 0x00000000e9100000| Untracked 
| 146|0x00000000e9200000, 0x00000000e9200000, 0x00000000e9300000|  0%| F|  |TAMS 0x00000000e9200000, 0x00000000e9200000| Untracked 
| 147|0x00000000e9300000, 0x00000000e9300000, 0x00000000e9400000|  0%| F|  |TAMS 0x00000000e9300000, 0x00000000e9300000| Untracked 
| 148|0x00000000e9400000, 0x00000000e9400000, 0x00000000e9500000|  0%| F|  |TAMS 0x00000000e9400000, 0x00000000e9400000| Untracked 
| 149|0x00000000e9500000, 0x00000000e9500000, 0x00000000e9600000|  0%| F|  |TAMS 0x00000000e9500000, 0x00000000e9500000| Untracked 
| 150|0x00000000e9600000, 0x00000000e9600000, 0x00000000e9700000|  0%| F|  |TAMS 0x00000000e9600000, 0x00000000e9600000| Untracked 
| 151|0x00000000e9700000, 0x00000000e9700000, 0x00000000e9800000|  0%| F|  |TAMS 0x00000000e9700000, 0x00000000e9700000| Untracked 
| 152|0x00000000e9800000, 0x00000000e9800000, 0x00000000e9900000|  0%| F|  |TAMS 0x00000000e9800000, 0x00000000e9800000| Untracked 
| 153|0x00000000e9900000, 0x00000000e9900000, 0x00000000e9a00000|  0%| F|  |TAMS 0x00000000e9900000, 0x00000000e9900000| Untracked 
| 154|0x00000000e9a00000, 0x00000000e9a00000, 0x00000000e9b00000|  0%| F|  |TAMS 0x00000000e9a00000, 0x00000000e9a00000| Untracked 
| 155|0x00000000e9b00000, 0x00000000e9b00000, 0x00000000e9c00000|  0%| F|  |TAMS 0x00000000e9b00000, 0x00000000e9b00000| Untracked 
| 156|0x00000000e9c00000, 0x00000000e9c00000, 0x00000000e9d00000|  0%| F|  |TAMS 0x00000000e9c00000, 0x00000000e9c00000| Untracked 
| 157|0x00000000e9d00000, 0x00000000e9d00000, 0x00000000e9e00000|  0%| F|  |TAMS 0x00000000e9d00000, 0x00000000e9d00000| Untracked 
| 158|0x00000000e9e00000, 0x00000000e9e00000, 0x00000000e9f00000|  0%| F|  |TAMS 0x00000000e9e00000, 0x00000000e9e00000| Untracked 
| 159|0x00000000e9f00000, 0x00000000e9f00000, 0x00000000ea000000|  0%| F|  |TAMS 0x00000000e9f00000, 0x00000000e9f00000| Untracked 
| 160|0x00000000ea000000, 0x00000000ea000000, 0x00000000ea100000|  0%| F|  |TAMS 0x00000000ea000000, 0x00000000ea000000| Untracked 
| 161|0x00000000ea100000, 0x00000000ea100000, 0x00000000ea200000|  0%| F|  |TAMS 0x00000000ea100000, 0x00000000ea100000| Untracked 
| 162|0x00000000ea200000, 0x00000000ea200000, 0x00000000ea300000|  0%| F|  |TAMS 0x00000000ea200000, 0x00000000ea200000| Untracked 
| 163|0x00000000ea300000, 0x00000000ea300000, 0x00000000ea400000|  0%| F|  |TAMS 0x00000000ea300000, 0x00000000ea300000| Untracked 
| 164|0x00000000ea400000, 0x00000000ea400000, 0x00000000ea500000|  0%| F|  |TAMS 0x00000000ea400000, 0x00000000ea400000| Untracked 
| 165|0x00000000ea500000, 0x00000000ea500000, 0x00000000ea600000|  0%| F|  |TAMS 0x00000000ea500000, 0x00000000ea500000| Untracked 
| 166|0x00000000ea600000, 0x00000000ea600000, 0x00000000ea700000|  0%| F|  |TAMS 0x00000000ea600000, 0x00000000ea600000| Untracked 
| 167|0x00000000ea700000, 0x00000000ea700000, 0x00000000ea800000|  0%| F|  |TAMS 0x00000000ea700000, 0x00000000ea700000| Untracked 
| 168|0x00000000ea800000, 0x00000000ea800000, 0x00000000ea900000|  0%| F|  |TAMS 0x00000000ea800000, 0x00000000ea800000| Untracked 
| 169|0x00000000ea900000, 0x00000000ea900000, 0x00000000eaa00000|  0%| F|  |TAMS 0x00000000ea900000, 0x00000000ea900000| Untracked 
| 170|0x00000000eaa00000, 0x00000000eaa00000, 0x00000000eab00000|  0%| F|  |TAMS 0x00000000eaa00000, 0x00000000eaa00000| Untracked 
| 171|0x00000000eab00000, 0x00000000eab00000, 0x00000000eac00000|  0%| F|  |TAMS 0x00000000eab00000, 0x00000000eab00000| Untracked 
| 172|0x00000000eac00000, 0x00000000eac00000, 0x00000000ead00000|  0%| F|  |TAMS 0x00000000eac00000, 0x00000000eac00000| Untracked 
| 173|0x00000000ead00000, 0x00000000ead00000, 0x00000000eae00000|  0%| F|  |TAMS 0x00000000ead00000, 0x00000000ead00000| Untracked 
| 174|0x00000000eae00000, 0x00000000eae00000, 0x00000000eaf00000|  0%| F|  |TAMS 0x00000000eae00000, 0x00000000eae00000| Untracked 
| 175|0x00000000eaf00000, 0x00000000eaf00000, 0x00000000eb000000|  0%| F|  |TAMS 0x00000000eaf00000, 0x00000000eaf00000| Untracked 
| 176|0x00000000eb000000, 0x00000000eb000000, 0x00000000eb100000|  0%| F|  |TAMS 0x00000000eb000000, 0x00000000eb000000| Untracked 
| 177|0x00000000eb100000, 0x00000000eb100000, 0x00000000eb200000|  0%| F|  |TAMS 0x00000000eb100000, 0x00000000eb100000| Untracked 
| 178|0x00000000eb200000, 0x00000000eb200000, 0x00000000eb300000|  0%| F|  |TAMS 0x00000000eb200000, 0x00000000eb200000| Untracked 
| 179|0x00000000eb300000, 0x00000000eb300000, 0x00000000eb400000|  0%| F|  |TAMS 0x00000000eb300000, 0x00000000eb300000| Untracked 
| 180|0x00000000eb400000, 0x00000000eb400000, 0x00000000eb500000|  0%| F|  |TAMS 0x00000000eb400000, 0x00000000eb400000| Untracked 
| 181|0x00000000eb500000, 0x00000000eb500000, 0x00000000eb600000|  0%| F|  |TAMS 0x00000000eb500000, 0x00000000eb500000| Untracked 
| 182|0x00000000eb600000, 0x00000000eb600000, 0x00000000eb700000|  0%| F|  |TAMS 0x00000000eb600000, 0x00000000eb600000| Untracked 
| 183|0x00000000eb700000, 0x00000000eb700000, 0x00000000eb800000|  0%| F|  |TAMS 0x00000000eb700000, 0x00000000eb700000| Untracked 
| 184|0x00000000eb800000, 0x00000000eb800000, 0x00000000eb900000|  0%| F|  |TAMS 0x00000000eb800000, 0x00000000eb800000| Untracked 
| 185|0x00000000eb900000, 0x00000000eb900000, 0x00000000eba00000|  0%| F|  |TAMS 0x00000000eb900000, 0x00000000eb900000| Untracked 
| 186|0x00000000eba00000, 0x00000000eba00000, 0x00000000ebb00000|  0%| F|  |TAMS 0x00000000eba00000, 0x00000000eba00000| Untracked 
| 187|0x00000000ebb00000, 0x00000000ebb00000, 0x00000000ebc00000|  0%| F|  |TAMS 0x00000000ebb00000, 0x00000000ebb00000| Untracked 
| 188|0x00000000ebc00000, 0x00000000ebc00000, 0x00000000ebd00000|  0%| F|  |TAMS 0x00000000ebc00000, 0x00000000ebc00000| Untracked 
| 189|0x00000000ebd00000, 0x00000000ebd00000, 0x00000000ebe00000|  0%| F|  |TAMS 0x00000000ebd00000, 0x00000000ebd00000| Untracked 
| 190|0x00000000ebe00000, 0x00000000ebe00000, 0x00000000ebf00000|  0%| F|  |TAMS 0x00000000ebe00000, 0x00000000ebe00000| Untracked 
| 191|0x00000000ebf00000, 0x00000000ebf00000, 0x00000000ec000000|  0%| F|  |TAMS 0x00000000ebf00000, 0x00000000ebf00000| Untracked 
| 192|0x00000000ec000000, 0x00000000ec000000, 0x00000000ec100000|  0%| F|  |TAMS 0x00000000ec000000, 0x00000000ec000000| Untracked 
| 193|0x00000000ec100000, 0x00000000ec100000, 0x00000000ec200000|  0%| F|  |TAMS 0x00000000ec100000, 0x00000000ec100000| Untracked 
| 194|0x00000000ec200000, 0x00000000ec200000, 0x00000000ec300000|  0%| F|  |TAMS 0x00000000ec200000, 0x00000000ec200000| Untracked 
| 195|0x00000000ec300000, 0x00000000ec300000, 0x00000000ec400000|  0%| F|  |TAMS 0x00000000ec300000, 0x00000000ec300000| Untracked 
| 196|0x00000000ec400000, 0x00000000ec400000, 0x00000000ec500000|  0%| F|  |TAMS 0x00000000ec400000, 0x00000000ec400000| Untracked 
| 197|0x00000000ec500000, 0x00000000ec500000, 0x00000000ec600000|  0%| F|  |TAMS 0x00000000ec500000, 0x00000000ec500000| Untracked 
| 198|0x00000000ec600000, 0x00000000ec600000, 0x00000000ec700000|  0%| F|  |TAMS 0x00000000ec600000, 0x00000000ec600000| Untracked 
| 199|0x00000000ec700000, 0x00000000ec700000, 0x00000000ec800000|  0%| F|  |TAMS 0x00000000ec700000, 0x00000000ec700000| Untracked 
| 200|0x00000000ec800000, 0x00000000ec800000, 0x00000000ec900000|  0%| F|  |TAMS 0x00000000ec800000, 0x00000000ec800000| Untracked 
| 201|0x00000000ec900000, 0x00000000ec900000, 0x00000000eca00000|  0%| F|  |TAMS 0x00000000ec900000, 0x00000000ec900000| Untracked 
| 202|0x00000000eca00000, 0x00000000eca00000, 0x00000000ecb00000|  0%| F|  |TAMS 0x00000000eca00000, 0x00000000eca00000| Untracked 
| 203|0x00000000ecb00000, 0x00000000ecb00000, 0x00000000ecc00000|  0%| F|  |TAMS 0x00000000ecb00000, 0x00000000ecb00000| Untracked 
| 204|0x00000000ecc00000, 0x00000000ecc00000, 0x00000000ecd00000|  0%| F|  |TAMS 0x00000000ecc00000, 0x00000000ecc00000| Untracked 
| 205|0x00000000ecd00000, 0x00000000ecd00000, 0x00000000ece00000|  0%| F|  |TAMS 0x00000000ecd00000, 0x00000000ecd00000| Untracked 
| 206|0x00000000ece00000, 0x00000000ece00000, 0x00000000ecf00000|  0%| F|  |TAMS 0x00000000ece00000, 0x00000000ece00000| Untracked 
| 207|0x00000000ecf00000, 0x00000000ecf00000, 0x00000000ed000000|  0%| F|  |TAMS 0x00000000ecf00000, 0x00000000ecf00000| Untracked 
| 208|0x00000000ed000000, 0x00000000ed000000, 0x00000000ed100000|  0%| F|  |TAMS 0x00000000ed000000, 0x00000000ed000000| Untracked 
| 209|0x00000000ed100000, 0x00000000ed100000, 0x00000000ed200000|  0%| F|  |TAMS 0x00000000ed100000, 0x00000000ed100000| Untracked 
| 210|0x00000000ed200000, 0x00000000ed200000, 0x00000000ed300000|  0%| F|  |TAMS 0x00000000ed200000, 0x00000000ed200000| Untracked 
| 211|0x00000000ed300000, 0x00000000ed300000, 0x00000000ed400000|  0%| F|  |TAMS 0x00000000ed300000, 0x00000000ed300000| Untracked 
| 212|0x00000000ed400000, 0x00000000ed400000, 0x00000000ed500000|  0%| F|  |TAMS 0x00000000ed400000, 0x00000000ed400000| Untracked 
| 213|0x00000000ed500000, 0x00000000ed500000, 0x00000000ed600000|  0%| F|  |TAMS 0x00000000ed500000, 0x00000000ed500000| Untracked 
| 214|0x00000000ed600000, 0x00000000ed600000, 0x00000000ed700000|  0%| F|  |TAMS 0x00000000ed600000, 0x00000000ed600000| Untracked 
| 215|0x00000000ed700000, 0x00000000ed700000, 0x00000000ed800000|  0%| F|  |TAMS 0x00000000ed700000, 0x00000000ed700000| Untracked 
| 216|0x00000000ed800000, 0x00000000ed800000, 0x00000000ed900000|  0%| F|  |TAMS 0x00000000ed800000, 0x00000000ed800000| Untracked 
| 217|0x00000000ed900000, 0x00000000ed900000, 0x00000000eda00000|  0%| F|  |TAMS 0x00000000ed900000, 0x00000000ed900000| Untracked 
| 218|0x00000000eda00000, 0x00000000eda00000, 0x00000000edb00000|  0%| F|  |TAMS 0x00000000eda00000, 0x00000000eda00000| Untracked 
| 219|0x00000000edb00000, 0x00000000edb00000, 0x00000000edc00000|  0%| F|  |TAMS 0x00000000edb00000, 0x00000000edb00000| Untracked 
| 220|0x00000000edc00000, 0x00000000edc00000, 0x00000000edd00000|  0%| F|  |TAMS 0x00000000edc00000, 0x00000000edc00000| Untracked 
| 221|0x00000000edd00000, 0x00000000edd00000, 0x00000000ede00000|  0%| F|  |TAMS 0x00000000edd00000, 0x00000000edd00000| Untracked 
| 222|0x00000000ede00000, 0x00000000ede00000, 0x00000000edf00000|  0%| F|  |TAMS 0x00000000ede00000, 0x00000000ede00000| Untracked 
| 223|0x00000000edf00000, 0x00000000edf00000, 0x00000000ee000000|  0%| F|  |TAMS 0x00000000edf00000, 0x00000000edf00000| Untracked 
| 224|0x00000000ee000000, 0x00000000ee000000, 0x00000000ee100000|  0%| F|  |TAMS 0x00000000ee000000, 0x00000000ee000000| Untracked 
| 225|0x00000000ee100000, 0x00000000ee100000, 0x00000000ee200000|  0%| F|  |TAMS 0x00000000ee100000, 0x00000000ee100000| Untracked 
| 226|0x00000000ee200000, 0x00000000ee200000, 0x00000000ee300000|  0%| F|  |TAMS 0x00000000ee200000, 0x00000000ee200000| Untracked 
| 227|0x00000000ee300000, 0x00000000ee300000, 0x00000000ee400000|  0%| F|  |TAMS 0x00000000ee300000, 0x00000000ee300000| Untracked 
| 228|0x00000000ee400000, 0x00000000ee400000, 0x00000000ee500000|  0%| F|  |TAMS 0x00000000ee400000, 0x00000000ee400000| Untracked 
| 229|0x00000000ee500000, 0x00000000ee500000, 0x00000000ee600000|  0%| F|  |TAMS 0x00000000ee500000, 0x00000000ee500000| Untracked 
| 230|0x00000000ee600000, 0x00000000ee600000, 0x00000000ee700000|  0%| F|  |TAMS 0x00000000ee600000, 0x00000000ee600000| Untracked 
| 231|0x00000000ee700000, 0x00000000ee700000, 0x00000000ee800000|  0%| F|  |TAMS 0x00000000ee700000, 0x00000000ee700000| Untracked 
| 232|0x00000000ee800000, 0x00000000ee800000, 0x00000000ee900000|  0%| F|  |TAMS 0x00000000ee800000, 0x00000000ee800000| Untracked 
| 233|0x00000000ee900000, 0x00000000ee900000, 0x00000000eea00000|  0%| F|  |TAMS 0x00000000ee900000, 0x00000000ee900000| Untracked 
| 234|0x00000000eea00000, 0x00000000eea00000, 0x00000000eeb00000|  0%| F|  |TAMS 0x00000000eea00000, 0x00000000eea00000| Untracked 
| 235|0x00000000eeb00000, 0x00000000eeb00000, 0x00000000eec00000|  0%| F|  |TAMS 0x00000000eeb00000, 0x00000000eeb00000| Untracked 
| 236|0x00000000eec00000, 0x00000000eec00000, 0x00000000eed00000|  0%| F|  |TAMS 0x00000000eec00000, 0x00000000eec00000| Untracked 
| 237|0x00000000eed00000, 0x00000000eed00000, 0x00000000eee00000|  0%| F|  |TAMS 0x00000000eed00000, 0x00000000eed00000| Untracked 
| 238|0x00000000eee00000, 0x00000000eee00000, 0x00000000eef00000|  0%| F|  |TAMS 0x00000000eee00000, 0x00000000eee00000| Untracked 
| 239|0x00000000eef00000, 0x00000000eef00000, 0x00000000ef000000|  0%| F|  |TAMS 0x00000000eef00000, 0x00000000eef00000| Untracked 
| 240|0x00000000ef000000, 0x00000000ef000000, 0x00000000ef100000|  0%| F|  |TAMS 0x00000000ef000000, 0x00000000ef000000| Untracked 
| 241|0x00000000ef100000, 0x00000000ef19a548, 0x00000000ef200000| 60%| E|  |TAMS 0x00000000ef100000, 0x00000000ef100000| Complete 
| 242|0x00000000ef200000, 0x00000000ef300000, 0x00000000ef300000|100%| E|CS|TAMS 0x00000000ef200000, 0x00000000ef200000| Complete 
| 243|0x00000000ef300000, 0x00000000ef400000, 0x00000000ef400000|100%| E|CS|TAMS 0x00000000ef300000, 0x00000000ef300000| Complete 
| 244|0x00000000ef400000, 0x00000000ef500000, 0x00000000ef500000|100%| E|CS|TAMS 0x00000000ef400000, 0x00000000ef400000| Complete 
| 245|0x00000000ef500000, 0x00000000ef600000, 0x00000000ef600000|100%| E|CS|TAMS 0x00000000ef500000, 0x00000000ef500000| Complete 
| 246|0x00000000ef600000, 0x00000000ef700000, 0x00000000ef700000|100%| E|CS|TAMS 0x00000000ef600000, 0x00000000ef600000| Complete 
| 247|0x00000000ef700000, 0x00000000ef800000, 0x00000000ef800000|100%| E|CS|TAMS 0x00000000ef700000, 0x00000000ef700000| Complete 
| 248|0x00000000ef800000, 0x00000000ef900000, 0x00000000ef900000|100%| E|CS|TAMS 0x00000000ef800000, 0x00000000ef800000| Complete 
| 249|0x00000000ef900000, 0x00000000efa00000, 0x00000000efa00000|100%| E|CS|TAMS 0x00000000ef900000, 0x00000000ef900000| Complete 
| 250|0x00000000efa00000, 0x00000000efb00000, 0x00000000efb00000|100%| E|CS|TAMS 0x00000000efa00000, 0x00000000efa00000| Complete 
| 251|0x00000000efb00000, 0x00000000efc00000, 0x00000000efc00000|100%| E|CS|TAMS 0x00000000efb00000, 0x00000000efb00000| Complete 
| 252|0x00000000efc00000, 0x00000000efd00000, 0x00000000efd00000|100%| E|CS|TAMS 0x00000000efc00000, 0x00000000efc00000| Complete 
| 253|0x00000000efd00000, 0x00000000efe00000, 0x00000000efe00000|100%| E|CS|TAMS 0x00000000efd00000, 0x00000000efd00000| Complete 
| 254|0x00000000efe00000, 0x00000000eff00000, 0x00000000eff00000|100%| E|CS|TAMS 0x00000000efe00000, 0x00000000efe00000| Complete 
| 255|0x00000000eff00000, 0x00000000f0000000, 0x00000000f0000000|100%| E|CS|TAMS 0x00000000eff00000, 0x00000000eff00000| Complete 

Card table byte_map: [0x000001c2726d0000,0x000001c2727d0000] _byte_map_base: 0x000001c271fd0000

Marking Bits (Prev, Next): (CMBitMap*) 0x000001c26ae3ff20, (CMBitMap*) 0x000001c26ae3ff60
 Prev Bits: [0x000001c2728d0000, 0x000001c2730d0000)
 Next Bits: [0x000001c2730d0000, 0x000001c2738d0000)

Polling page: 0x000001c268d70000

Metaspace:

Usage:
  Non-class:     46.22 MB used.
      Class:      7.51 MB used.
       Both:     53.73 MB used.

Virtual space:
  Non-class space:       64.00 MB reserved,      46.50 MB ( 73%) committed,  1 nodes.
      Class space:      320.00 MB reserved,       7.81 MB (  2%) committed,  1 nodes.
             Both:      384.00 MB reserved,      54.31 MB ( 14%) committed. 

Chunk freelists:
   Non-Class:  640.00 KB
       Class:  8.12 MB
        Both:  8.75 MB

MaxMetaspaceSize: 384.00 MB
CompressedClassSpaceSize: 320.00 MB
Initial GC threshold: 21.00 MB
Current GC threshold: 59.50 MB
CDS: on
MetaspaceReclaimPolicy: balanced
 - commit_granule_bytes: 65536.
 - commit_granule_words: 8192.
 - virtual_space_node_default_size: 8388608.
 - enlarge_chunks_in_place: 1.
 - new_chunks_are_fully_committed: 0.
 - uncommit_free_chunks: 1.
 - use_allocation_guard: 0.
 - handle_deallocations: 1.


Internal statistics:

num_allocs_failed_limit: 9.
num_arena_births: 656.
num_arena_deaths: 0.
num_vsnodes_births: 2.
num_vsnodes_deaths: 0.
num_space_committed: 869.
num_space_uncommitted: 0.
num_chunks_returned_to_freelist: 9.
num_chunks_taken_from_freelist: 2983.
num_chunk_merges: 6.
num_chunk_splits: 1909.
num_chunks_enlarged: 1211.
num_inconsistent_stats: 0.

CodeHeap 'non-profiled nmethods': size=120000Kb used=4674Kb max_used=4674Kb free=115325Kb
 bounds [0x000001c207ad0000, 0x000001c207f70000, 0x000001c20f000000]
CodeHeap 'profiled nmethods': size=120000Kb used=16921Kb max_used=16921Kb free=103079Kb
 bounds [0x000001c200000000, 0x000001c201090000, 0x000001c207530000]
CodeHeap 'non-nmethods': size=5760Kb used=2323Kb max_used=2409Kb free=3436Kb
 bounds [0x000001c207530000, 0x000001c2077c0000, 0x000001c207ad0000]
 total_blobs=9301 nmethods=8461 adapters=751
 compilation: enabled
              stopped_count=0, restarted_count=0
 full_count=0

Compilation events (20 events):
Event: 62.035 Thread 0x000001c275e913a0 9248       3       org.gradle.api.internal.artifacts.ivyservice.modulecache.artifacts.DefaultCachedArtifact::isMissing (13 bytes)
Event: 62.035 Thread 0x000001c275e913a0 nmethod 9248 0x000001c20107cc90 code [0x000001c20107ce20, 0x000001c20107cf98]
Event: 62.038 Thread 0x000001c275e913a0 9249   !   3       io.spring.gradle.dependencymanagement.org.apache.maven.model.PatternSet::clone (137 bytes)
Event: 62.041 Thread 0x000001c275e913a0 nmethod 9249 0x000001c20107d010 code [0x000001c20107d340, 0x000001c20107e738]
Event: 62.263 Thread 0x000001c275e913a0 9250       3       org.gradle.internal.resource.local.GroupedAndNamedUniqueFileStore::stripLeadingZeros (36 bytes)
Event: 62.265 Thread 0x000001c275e913a0 nmethod 9250 0x000001c20107ef10 code [0x000001c20107f1c0, 0x000001c20107fee8]
Event: 62.265 Thread 0x000001c275e913a0 9251       3       org.gradle.invocation.DefaultGradle_Decorated::getIdentityPath (39 bytes)
Event: 62.266 Thread 0x000001c275e913a0 nmethod 9251 0x000001c201080490 code [0x000001c201080760, 0x000001c2010818b8]
Event: 62.266 Thread 0x000001c275e913a0 9252       3       org.gradle.invocation.DefaultGradle::getIdentityPath (35 bytes)
Event: 62.267 Thread 0x000001c275e913a0 nmethod 9252 0x000001c201081d10 code [0x000001c201081f20, 0x000001c2010826a8]
Event: 62.275 Thread 0x000001c275e913a0 9253   !   3       java.util.concurrent.ThreadPoolExecutor::getTask (177 bytes)
Event: 62.335 Thread 0x000001c275e913a0 nmethod 9253 0x000001c201082910 code [0x000001c201082ba0, 0x000001c201083a78]
Event: 62.378 Thread 0x000001c275e913a0 9254       3       org.gradle.api.internal.provider.Providers::notDefined (10 bytes)
Event: 62.381 Thread 0x000001c275e913a0 nmethod 9254 0x000001c201083f10 code [0x000001c2010840a0, 0x000001c2010841f8]
Event: 62.409 Thread 0x000001c275e913a0 9255       3       org.gradle.api.internal.tasks.DefaultTaskDependencyFactory::configurableDependency (17 bytes)
Event: 62.419 Thread 0x000001c275e913a0 nmethod 9255 0x000001c201084290 code [0x000001c201084440, 0x000001c2010847d8]
Event: 62.420 Thread 0x000001c275e913a0 9256       3       java.util.concurrent.atomic.AtomicReference::<init> (10 bytes)
Event: 62.420 Thread 0x000001c275e913a0 nmethod 9256 0x000001c201084910 code [0x000001c201084aa0, 0x000001c201084c58]
Event: 62.426 Thread 0x000001c275e913a0 9257       3       org.gradle.api.internal.artifacts.ivyservice.moduleconverter.dependencies.ExternalModuleDependencyMetadataConverter::nullToEmpty (11 bytes)
Event: 62.426 Thread 0x000001c275e913a0 nmethod 9257 0x000001c201084d10 code [0x000001c201084ea0, 0x000001c201084ff8]

GC Heap History (18 events):
Event: 2.803 GC heap before
{Heap before GC invocations=0 (full 0):
 garbage-first heap   total 262144K, used 13312K [0x00000000e0000000, 0x0000000100000000)
  region size 1024K, 13 young (13312K), 0 survivors (0K)
 Metaspace       used 795K, committed 896K, reserved 393216K
  class space    used 61K, committed 128K, reserved 327680K
}
Event: 2.809 GC heap after
{Heap after GC invocations=1 (full 0):
 garbage-first heap   total 262144K, used 1760K [0x00000000e0000000, 0x0000000100000000)
  region size 1024K, 2 young (2048K), 2 survivors (2048K)
 Metaspace       used 795K, committed 896K, reserved 393216K
  class space    used 61K, committed 128K, reserved 327680K
}
Event: 7.089 GC heap before
{Heap before GC invocations=1 (full 0):
 garbage-first heap   total 262144K, used 22240K [0x00000000e0000000, 0x0000000100000000)
  region size 1024K, 19 young (19456K), 2 survivors (2048K)
 Metaspace       used 3263K, committed 3392K, reserved 393216K
  class space    used 411K, committed 512K, reserved 327680K
}
Event: 7.097 GC heap after
{Heap after GC invocations=2 (full 0):
 garbage-first heap   total 262144K, used 11363K [0x00000000e0000000, 0x0000000100000000)
  region size 1024K, 3 young (3072K), 3 survivors (3072K)
 Metaspace       used 3263K, committed 3392K, reserved 393216K
  class space    used 411K, committed 512K, reserved 327680K
}
Event: 10.221 GC heap before
{Heap before GC invocations=2 (full 0):
 garbage-first heap   total 262144K, used 41059K [0x00000000e0000000, 0x0000000100000000)
  region size 1024K, 32 young (32768K), 3 survivors (3072K)
 Metaspace       used 4076K, committed 4352K, reserved 393216K
  class space    used 503K, committed 640K, reserved 327680K
}
Event: 10.226 GC heap after
{Heap after GC invocations=3 (full 0):
 garbage-first heap   total 262144K, used 12263K [0x00000000e0000000, 0x0000000100000000)
  region size 1024K, 1 young (1024K), 1 survivors (1024K)
 Metaspace       used 4076K, committed 4352K, reserved 393216K
  class space    used 503K, committed 640K, reserved 327680K
}
Event: 18.356 GC heap before
{Heap before GC invocations=3 (full 0):
 garbage-first heap   total 262144K, used 133095K [0x00000000e0000000, 0x0000000100000000)
  region size 1024K, 118 young (120832K), 1 survivors (1024K)
 Metaspace       used 21208K, committed 21504K, reserved 393216K
  class space    used 3124K, committed 3264K, reserved 327680K
}
Event: 18.373 GC heap after
{Heap after GC invocations=4 (full 0):
 garbage-first heap   total 262144K, used 23738K [0x00000000e0000000, 0x0000000100000000)
  region size 1024K, 12 young (12288K), 12 survivors (12288K)
 Metaspace       used 21208K, committed 21504K, reserved 393216K
  class space    used 3124K, committed 3264K, reserved 327680K
}
Event: 26.765 GC heap before
{Heap before GC invocations=5 (full 0):
 garbage-first heap   total 262144K, used 146618K [0x00000000e0000000, 0x0000000100000000)
  region size 1024K, 129 young (132096K), 12 survivors (12288K)
 Metaspace       used 35653K, committed 35968K, reserved 393216K
  class space    used 4952K, committed 5120K, reserved 327680K
}
Event: 26.848 GC heap after
{Heap after GC invocations=6 (full 0):
 garbage-first heap   total 262144K, used 32994K [0x00000000e0000000, 0x0000000100000000)
  region size 1024K, 10 young (10240K), 10 survivors (10240K)
 Metaspace       used 35653K, committed 35968K, reserved 393216K
  class space    used 4952K, committed 5120K, reserved 327680K
}
Event: 27.669 GC heap before
{Heap before GC invocations=6 (full 0):
 garbage-first heap   total 262144K, used 35042K [0x00000000e0000000, 0x0000000100000000)
  region size 1024K, 12 young (12288K), 10 survivors (10240K)
 Metaspace       used 35789K, committed 36224K, reserved 393216K
  class space    used 4976K, committed 5184K, reserved 327680K
}
Event: 27.703 GC heap after
{Heap after GC invocations=7 (full 0):
 garbage-first heap   total 262144K, used 33161K [0x00000000e0000000, 0x0000000100000000)
  region size 1024K, 2 young (2048K), 2 survivors (2048K)
 Metaspace       used 35789K, committed 36224K, reserved 393216K
  class space    used 4976K, committed 5184K, reserved 327680K
}
Event: 28.009 GC heap before
{Heap before GC invocations=7 (full 0):
 garbage-first heap   total 262144K, used 35209K [0x00000000e0000000, 0x0000000100000000)
  region size 1024K, 5 young (5120K), 2 survivors (2048K)
 Metaspace       used 35886K, committed 36288K, reserved 393216K
  class space    used 4986K, committed 5184K, reserved 327680K
}
Event: 28.013 GC heap after
{Heap after GC invocations=8 (full 0):
 garbage-first heap   total 262144K, used 32753K [0x00000000e0000000, 0x0000000100000000)
  region size 1024K, 1 young (1024K), 1 survivors (1024K)
 Metaspace       used 35886K, committed 36288K, reserved 393216K
  class space    used 4986K, committed 5184K, reserved 327680K
}
Event: 37.811 GC heap before
{Heap before GC invocations=9 (full 0):
 garbage-first heap   total 262144K, used 181233K [0x00000000e0000000, 0x0000000100000000)
  region size 1024K, 144 young (147456K), 1 survivors (1024K)
 Metaspace       used 48952K, committed 49472K, reserved 393216K
  class space    used 6943K, committed 7168K, reserved 327680K
}
Event: 37.893 GC heap after
{Heap after GC invocations=10 (full 0):
 garbage-first heap   total 262144K, used 41017K [0x00000000e0000000, 0x0000000100000000)
  region size 1024K, 10 young (10240K), 10 survivors (10240K)
 Metaspace       used 48952K, committed 49472K, reserved 393216K
  class space    used 6943K, committed 7168K, reserved 327680K
}
Event: 61.658 GC heap before
{Heap before GC invocations=10 (full 0):
 garbage-first heap   total 262144K, used 186425K [0x00000000e0000000, 0x0000000100000000)
  region size 1024K, 153 young (156672K), 10 survivors (10240K)
 Metaspace       used 54959K, committed 55552K, reserved 393216K
  class space    used 7694K, committed 8000K, reserved 327680K
}
Event: 61.754 GC heap after
{Heap after GC invocations=11 (full 0):
 garbage-first heap   total 262144K, used 52143K [0x00000000e0000000, 0x0000000100000000)
  region size 1024K, 20 young (20480K), 20 survivors (20480K)
 Metaspace       used 54959K, committed 55552K, reserved 393216K
  class space    used 7694K, committed 8000K, reserved 327680K
}

Deoptimization events (20 events):
Event: 61.058 Thread 0x000001c27ca2ca00 Uncommon trap: trap_request=0xffffffbe fr.pc=0x000001c207f27938 relative=0x0000000000000418
Event: 61.058 Thread 0x000001c27ca2ca00 Uncommon trap: reason=profile_predicate action=maybe_recompile pc=0x000001c207f27938 method=java.util.regex.Pattern$Slice.match(Ljava/util/regex/Matcher;ILjava/lang/CharSequence;)Z @ 18 c2
Event: 61.058 Thread 0x000001c27ca2ca00 DEOPT PACKING pc=0x000001c207f27938 sp=0x00000061c2ef90f0
Event: 61.058 Thread 0x000001c27ca2ca00 DEOPT UNPACKING pc=0x000001c2075823a3 sp=0x00000061c2ef9090 mode 2
Event: 61.058 Thread 0x000001c27ca2ca00 Uncommon trap: trap_request=0xffffffbe fr.pc=0x000001c207f27938 relative=0x0000000000000418
Event: 61.058 Thread 0x000001c27ca2ca00 Uncommon trap: reason=profile_predicate action=maybe_recompile pc=0x000001c207f27938 method=java.util.regex.Pattern$Slice.match(Ljava/util/regex/Matcher;ILjava/lang/CharSequence;)Z @ 18 c2
Event: 61.058 Thread 0x000001c27ca2ca00 DEOPT PACKING pc=0x000001c207f27938 sp=0x00000061c2ef90f0
Event: 61.058 Thread 0x000001c27ca2ca00 DEOPT UNPACKING pc=0x000001c2075823a3 sp=0x00000061c2ef9090 mode 2
Event: 61.058 Thread 0x000001c27ca2ca00 Uncommon trap: trap_request=0xffffffbe fr.pc=0x000001c207f27938 relative=0x0000000000000418
Event: 61.058 Thread 0x000001c27ca2ca00 Uncommon trap: reason=profile_predicate action=maybe_recompile pc=0x000001c207f27938 method=java.util.regex.Pattern$Slice.match(Ljava/util/regex/Matcher;ILjava/lang/CharSequence;)Z @ 18 c2
Event: 61.058 Thread 0x000001c27ca2ca00 DEOPT PACKING pc=0x000001c207f27938 sp=0x00000061c2ef90f0
Event: 61.058 Thread 0x000001c27ca2ca00 DEOPT UNPACKING pc=0x000001c2075823a3 sp=0x00000061c2ef9090 mode 2
Event: 61.058 Thread 0x000001c27ca2ca00 Uncommon trap: trap_request=0xffffffbe fr.pc=0x000001c207f27938 relative=0x0000000000000418
Event: 61.058 Thread 0x000001c27ca2ca00 Uncommon trap: reason=profile_predicate action=maybe_recompile pc=0x000001c207f27938 method=java.util.regex.Pattern$Slice.match(Ljava/util/regex/Matcher;ILjava/lang/CharSequence;)Z @ 18 c2
Event: 61.058 Thread 0x000001c27ca2ca00 DEOPT PACKING pc=0x000001c207f27938 sp=0x00000061c2ef90f0
Event: 61.058 Thread 0x000001c27ca2ca00 DEOPT UNPACKING pc=0x000001c2075823a3 sp=0x00000061c2ef9090 mode 2
Event: 61.823 Thread 0x000001c27ca2ca00 Uncommon trap: trap_request=0xffffff45 fr.pc=0x000001c207e8abcc relative=0x00000000000026cc
Event: 61.823 Thread 0x000001c27ca2ca00 Uncommon trap: reason=unstable_if action=reinterpret pc=0x000001c207e8abcc method=io.spring.gradle.dependencymanagement.org.codehaus.plexus.util.xml.pull.MXParser.isS(C)Z @ 21 c2
Event: 61.823 Thread 0x000001c27ca2ca00 DEOPT PACKING pc=0x000001c207e8abcc sp=0x00000061c2ef9590
Event: 61.823 Thread 0x000001c27ca2ca00 DEOPT UNPACKING pc=0x000001c2075823a3 sp=0x00000061c2ef94c8 mode 2

Classes unloaded (0 events):
No events

Classes redefined (0 events):
No events

Internal exceptions (20 events):
Event: 43.965 Thread 0x000001c27ca2ca00 Exception <a 'java/lang/ClassNotFoundException'{0x00000000ed0c4c68}: java/util/HashSetCustomizer> (0x00000000ed0c4c68) 
thrown [s\open\src\hotspot\share\classfile\systemDictionary.cpp, line 256]
Event: 43.988 Thread 0x000001c27b829f40 Exception <a 'java/lang/NoSuchMethodError'{0x00000000ed0dd240}: static Lorg/gradle/internal/operations/OperationIdentifier;.<clinit>()V> (0x00000000ed0dd240) 
thrown [s\open\src\hotspot\share\prims\jni.cpp, line 1107]
Event: 43.989 Thread 0x000001c27b829f40 Exception <a 'java/lang/NoSuchMethodError'{0x00000000ecf09ac8}: static Lorg/gradle/internal/build/event/types/DefaultBinaryPluginIdentifier;.<clinit>()V> (0x00000000ecf09ac8) 
thrown [s\open\src\hotspot\share\prims\jni.cpp, line 1107]
Event: 44.005 Thread 0x000001c27ca2ca00 Exception <a 'java/lang/ClassNotFoundException'{0x00000000ecf21ab0}: OutputPathCollectorService$InjectBeanInfo> (0x00000000ecf21ab0) 
thrown [s\open\src\hotspot\share\classfile\systemDictionary.cpp, line 256]
Event: 44.015 Thread 0x000001c27ca2ca00 Exception <a 'java/lang/ClassNotFoundException'{0x00000000ecf286e8}: OutputPathCollectorServiceBeanInfo> (0x00000000ecf286e8) 
thrown [s\open\src\hotspot\share\classfile\systemDictionary.cpp, line 256]
Event: 44.017 Thread 0x000001c27ca2ca00 Exception <a 'java/lang/ClassNotFoundException'{0x00000000ecf2f310}: OutputPathCollectorServiceCustomizer> (0x00000000ecf2f310) 
thrown [s\open\src\hotspot\share\classfile\systemDictionary.cpp, line 256]
Event: 44.102 Thread 0x000001c27ca2ca00 Exception <a 'java/lang/ClassNotFoundException'{0x00000000ecf3fca8}: OutputPathCollectorService$InjectCustomizer> (0x00000000ecf3fca8) 
thrown [s\open\src\hotspot\share\classfile\systemDictionary.cpp, line 256]
Event: 44.122 Thread 0x000001c27ca2ca00 Implicit null exception at 0x000001c207d0098e to 0x000001c207d050e8
Event: 44.148 Thread 0x000001c27ca2ca00 Exception <a 'java/lang/ClassNotFoundException'{0x00000000ecf6e5d0}: java/lang/BooleanBeanInfo> (0x00000000ecf6e5d0) 
thrown [s\open\src\hotspot\share\classfile\systemDictionary.cpp, line 256]
Event: 44.161 Thread 0x000001c27ca2ca00 Exception <a 'java/lang/ClassNotFoundException'{0x00000000ecf71940}: java/lang/BooleanCustomizer> (0x00000000ecf71940) 
thrown [s\open\src\hotspot\share\classfile\systemDictionary.cpp, line 256]
Event: 45.219 Thread 0x000001c27ca2ca00 Exception <a 'java/lang/IncompatibleClassChangeError'{0x00000000ecb0d540}: Found class java.lang.Object, but interface was expected> (0x00000000ecb0d540) 
thrown [s\open\src\hotspot\share\interpreter\linkResolver.cpp, line 826]
Event: 45.224 Thread 0x000001c27ca2ca00 Exception <a 'java/lang/NoSuchMethodError'{0x00000000ecb1fb80}: static Ljava/lang/Object;.<clinit>()V> (0x00000000ecb1fb80) 
thrown [s\open\src\hotspot\share\prims\jni.cpp, line 1107]
Event: 46.143 Thread 0x000001c27ca2ca00 Exception <a 'java/lang/ClassNotFoundException'{0x00000000ebd81348}: org/gradle/api/internal/plugins/NaggingBasePluginConventionBeanInfo> (0x00000000ebd81348) 
thrown [s\open\src\hotspot\share\classfile\systemDictionary.cpp, line 256]
Event: 46.149 Thread 0x000001c27ca2ca00 Exception <a 'java/lang/ClassNotFoundException'{0x00000000ebd8f5a0}: org/gradle/api/plugins/BasePluginConventionBeanInfo> (0x00000000ebd8f5a0) 
thrown [s\open\src\hotspot\share\classfile\systemDictionary.cpp, line 256]
Event: 46.151 Thread 0x000001c27ca2ca00 Exception <a 'java/lang/ClassNotFoundException'{0x00000000ebd9d7c0}: org/gradle/api/plugins/BasePluginConventionCustomizer> (0x00000000ebd9d7c0) 
thrown [s\open\src\hotspot\share\classfile\systemDictionary.cpp, line 256]
Event: 46.156 Thread 0x000001c27ca2ca00 Exception <a 'java/lang/ClassNotFoundException'{0x00000000ebdb5070}: org/gradle/api/internal/plugins/NaggingBasePluginConventionCustomizer> (0x00000000ebdb5070) 
thrown [s\open\src\hotspot\share\classfile\systemDictionary.cpp, line 256]
Event: 46.190 Thread 0x000001c27ca2ca00 Exception <a 'java/lang/ClassNotFoundException'{0x00000000ebdf3680}: org/gradle/api/plugins/internal/NaggingJavaPluginConventionBeanInfo> (0x00000000ebdf3680) 
thrown [s\open\src\hotspot\share\classfile\systemDictionary.cpp, line 256]
Event: 46.201 Thread 0x000001c27ca2ca00 Exception <a 'java/lang/ClassNotFoundException'{0x00000000ebc01d78}: org/gradle/api/plugins/JavaPluginConventionBeanInfo> (0x00000000ebc01d78) 
thrown [s\open\src\hotspot\share\classfile\systemDictionary.cpp, line 256]
Event: 46.212 Thread 0x000001c27ca2ca00 Exception <a 'java/lang/ClassNotFoundException'{0x00000000ebc0ff98}: org/gradle/api/plugins/JavaPluginConventionCustomizer> (0x00000000ebc0ff98) 
thrown [s\open\src\hotspot\share\classfile\systemDictionary.cpp, line 256]
Event: 46.229 Thread 0x000001c27ca2ca00 Exception <a 'java/lang/ClassNotFoundException'{0x00000000ebc312a8}: org/gradle/api/plugins/internal/NaggingJavaPluginConventionCustomizer> (0x00000000ebc312a8) 
thrown [s\open\src\hotspot\share\classfile\systemDictionary.cpp, line 256]

VM Operations (20 events):
Event: 55.635 Executing VM operation: Cleanup
Event: 55.636 Executing VM operation: Cleanup done
Event: 56.646 Executing VM operation: Cleanup
Event: 56.647 Executing VM operation: Cleanup done
Event: 57.661 Executing VM operation: Cleanup
Event: 57.661 Executing VM operation: Cleanup done
Event: 58.340 Executing VM operation: HandshakeAllThreads
Event: 58.340 Executing VM operation: HandshakeAllThreads done
Event: 59.350 Executing VM operation: Cleanup
Event: 59.350 Executing VM operation: Cleanup done
Event: 60.272 Executing VM operation: HandshakeAllThreads
Event: 60.286 Executing VM operation: HandshakeAllThreads done
Event: 60.549 Executing VM operation: HandshakeAllThreads
Event: 60.549 Executing VM operation: HandshakeAllThreads done
Event: 60.549 Executing VM operation: Cleanup
Event: 60.550 Executing VM operation: Cleanup done
Event: 61.554 Executing VM operation: Cleanup
Event: 61.555 Executing VM operation: Cleanup done
Event: 61.656 Executing VM operation: G1CollectForAllocation
Event: 61.754 Executing VM operation: G1CollectForAllocation done

Events (20 events):
Event: 50.603 Thread 0x000001c27b9fa360 Thread added: 0x000001c27b9fa360
Event: 50.647 Thread 0x000001c27b9f8500 Thread added: 0x000001c27b9f8500
Event: 50.846 Thread 0x000001c27b9f8f20 Thread added: 0x000001c27b9f8f20
Event: 50.878 Thread 0x000001c27b9fcbe0 Thread added: 0x000001c27b9fcbe0
Event: 50.903 Thread 0x000001c27b9f7ff0 Thread added: 0x000001c27b9f7ff0
Event: 51.002 Thread 0x000001c27b9fea40 Thread added: 0x000001c27b9fea40
Event: 51.038 Thread 0x000001c27b9fc1c0 Thread added: 0x000001c27b9fc1c0
Event: 51.108 Thread 0x000001c27b9fd600 Thread added: 0x000001c27b9fd600
Event: 51.160 Thread 0x000001c27b9f8a10 Thread added: 0x000001c27b9f8a10
Event: 51.220 Thread 0x000001c27b9fef50 Thread added: 0x000001c27b9fef50
Event: 51.731 Thread 0x000001c27b9ff460 Thread added: 0x000001c27b9ff460
Event: 52.001 Thread 0x000001c27b9f9940 Thread added: 0x000001c27b9f9940
Event: 52.191 Thread 0x000001c27b9fd0f0 Thread added: 0x000001c27b9fd0f0
Event: 52.366 Thread 0x000001c27b9fb7a0 Thread added: 0x000001c27b9fb7a0
Event: 52.470 Thread 0x000001c27b9ff970 Thread added: 0x000001c27b9ff970
Event: 52.798 Thread 0x000001c27b9fc6d0 Thread added: 0x000001c27b9fc6d0
Event: 55.061 Thread 0x000001c27b9fbcb0 Thread added: 0x000001c27b9fbcb0
Event: 55.560 Thread 0x000001c27b9fdb10 Thread added: 0x000001c27b9fdb10
Event: 55.640 Thread 0x000001c27b9fe020 Thread added: 0x000001c27b9fe020
Event: 55.674 Thread 0x000001c27b9fa870 Thread added: 0x000001c27b9fa870


Dynamic libraries:
0x00007ff6bc290000 - 0x00007ff6bc2a0000 	C:\Program Files\Java\jdk-17\bin\java.exe
0x00007ffe440f0000 - 0x00007ffe442e8000 	C:\WINDOWS\SYSTEM32\ntdll.dll
0x00007ffe428d0000 - 0x00007ffe4298f000 	C:\WINDOWS\System32\KERNEL32.DLL
0x00007ffe41ce0000 - 0x00007ffe41fb2000 	C:\WINDOWS\System32\KERNELBASE.dll
0x00007ffe41870000 - 0x00007ffe41970000 	C:\WINDOWS\System32\ucrtbase.dll
0x00007ffe3b0a0000 - 0x00007ffe3b0b9000 	C:\Program Files\Java\jdk-17\bin\jli.dll
0x00007ffe43d80000 - 0x00007ffe43e2e000 	C:\WINDOWS\System32\ADVAPI32.dll
0x00007ffe42de0000 - 0x00007ffe42e7e000 	C:\WINDOWS\System32\msvcrt.dll
0x00007ffe42ce0000 - 0x00007ffe42d7c000 	C:\WINDOWS\System32\sechost.dll
0x00007ffe42180000 - 0x00007ffe422a5000 	C:\WINDOWS\System32\RPCRT4.dll
0x00007ffe42a40000 - 0x00007ffe42bdd000 	C:\WINDOWS\System32\USER32.dll
0x00007ffe41840000 - 0x00007ffe41862000 	C:\WINDOWS\System32\win32u.dll
0x00007ffe2f130000 - 0x00007ffe2f3ca000 	C:\WINDOWS\WinSxS\amd64_microsoft.windows.common-controls_6595b64144ccf1df_6.0.19041.1110_none_60b5254171f9507e\COMCTL32.dll
0x00007ffe42be0000 - 0x00007ffe42c0b000 	C:\WINDOWS\System32\GDI32.dll
0x00007ffe42030000 - 0x00007ffe4213f000 	C:\WINDOWS\System32\gdi32full.dll
0x00007ffe41b80000 - 0x00007ffe41c1d000 	C:\WINDOWS\System32\msvcp_win.dll
0x00007ffe3aed0000 - 0x00007ffe3aeeb000 	C:\Program Files\Java\jdk-17\bin\VCRUNTIME140.dll
0x00007ffe39d80000 - 0x00007ffe39d8a000 	C:\WINDOWS\SYSTEM32\VERSION.dll
0x00007ffe42140000 - 0x00007ffe42172000 	C:\WINDOWS\System32\IMM32.DLL
0x00007ffe3b090000 - 0x00007ffe3b09c000 	C:\Program Files\Java\jdk-17\bin\vcruntime140_1.dll
0x00007ffe3aaf0000 - 0x00007ffe3ab7e000 	C:\Program Files\Java\jdk-17\bin\msvcp140.dll
0x00007ffe08af0000 - 0x00007ffe096cf000 	C:\Program Files\Java\jdk-17\bin\server\jvm.dll
0x00007ffe44010000 - 0x00007ffe44018000 	C:\WINDOWS\System32\PSAPI.DLL
0x00007ffe2d030000 - 0x00007ffe2d039000 	C:\WINDOWS\SYSTEM32\WSOCK32.dll
0x00007ffe43c50000 - 0x00007ffe43cbb000 	C:\WINDOWS\System32\WS2_32.dll
0x00007ffe29b40000 - 0x00007ffe29b67000 	C:\WINDOWS\SYSTEM32\WINMM.dll
0x00007ffe40040000 - 0x00007ffe40052000 	C:\WINDOWS\SYSTEM32\kernel.appcore.dll
0x00007ffe3ae90000 - 0x00007ffe3ae9a000 	C:\Program Files\Java\jdk-17\bin\jimage.dll
0x00007ffe3f5a0000 - 0x00007ffe3f784000 	C:\WINDOWS\SYSTEM32\DBGHELP.DLL
0x00007ffe2bfc0000 - 0x00007ffe2bfec000 	C:\WINDOWS\SYSTEM32\dbgcore.DLL
0x00007ffe41c50000 - 0x00007ffe41cd2000 	C:\WINDOWS\System32\bcryptPrimitives.dll
0x00007ffe30360000 - 0x00007ffe3036e000 	C:\Program Files\Java\jdk-17\bin\instrument.dll
0x00007ffe3ae60000 - 0x00007ffe3ae85000 	C:\Program Files\Java\jdk-17\bin\java.dll
0x00007ffe0f630000 - 0x00007ffe0f707000 	C:\Program Files\Java\jdk-17\bin\jsvml.dll
0x00007ffe42f40000 - 0x00007ffe43683000 	C:\WINDOWS\System32\SHELL32.dll
0x00007ffe3f890000 - 0x00007ffe40022000 	C:\WINDOWS\SYSTEM32\windows.storage.dll
0x00007ffe438f0000 - 0x00007ffe43c44000 	C:\WINDOWS\System32\combase.dll
0x00007ffe41250000 - 0x00007ffe41280000 	C:\WINDOWS\SYSTEM32\Wldp.dll
0x00007ffe43f60000 - 0x00007ffe4400d000 	C:\WINDOWS\System32\SHCORE.dll
0x00007ffe42d80000 - 0x00007ffe42dd5000 	C:\WINDOWS\System32\shlwapi.dll
0x00007ffe41730000 - 0x00007ffe4174f000 	C:\WINDOWS\SYSTEM32\profapi.dll
0x00007ffe2f480000 - 0x00007ffe2f498000 	C:\Program Files\Java\jdk-17\bin\zip.dll
0x00007ffe333a0000 - 0x00007ffe333b9000 	C:\Program Files\Java\jdk-17\bin\net.dll
0x00007ffe31630000 - 0x00007ffe3173c000 	C:\WINDOWS\SYSTEM32\WINHTTP.dll
0x00007ffe40fb0000 - 0x00007ffe4101a000 	C:\WINDOWS\system32\mswsock.dll
0x00007ffe33380000 - 0x00007ffe33396000 	C:\Program Files\Java\jdk-17\bin\nio.dll
0x00007ffe30940000 - 0x00007ffe30950000 	C:\Program Files\Java\jdk-17\bin\verify.dll
0x00007ffe20310000 - 0x00007ffe20337000 	C:\Users\ASUS\.gradle\native\c067742578af261105cb4f569cf0c3c89f3d7b1fecec35dd04571415982c5e48\windows-amd64\native-platform.dll
0x00007ffe04900000 - 0x00007ffe04a44000 	C:\Users\ASUS\.gradle\native\100fb08df4bc3b14c8652ba06237920a3bd2aa13389f12d3474272988ae205f9\windows-amd64\native-platform-file-events.dll
0x00007ffe30250000 - 0x00007ffe3025a000 	C:\Program Files\Java\jdk-17\bin\management.dll
0x00007ffe2ff80000 - 0x00007ffe2ff8b000 	C:\Program Files\Java\jdk-17\bin\management_ext.dll
0x00007ffe411a0000 - 0x00007ffe411b8000 	C:\WINDOWS\SYSTEM32\CRYPTSP.dll
0x00007ffe40860000 - 0x00007ffe40894000 	C:\WINDOWS\system32\rsaenh.dll
0x00007ffe41c20000 - 0x00007ffe41c47000 	C:\WINDOWS\System32\bcrypt.dll
0x00007ffe416b0000 - 0x00007ffe416de000 	C:\WINDOWS\SYSTEM32\USERENV.dll
0x00007ffe411c0000 - 0x00007ffe411cc000 	C:\WINDOWS\SYSTEM32\CRYPTBASE.dll
0x00007ffe40c50000 - 0x00007ffe40c8b000 	C:\WINDOWS\SYSTEM32\IPHLPAPI.DLL
0x00007ffe42f00000 - 0x00007ffe42f08000 	C:\WINDOWS\System32\NSI.dll
0x00007ffe38b80000 - 0x00007ffe38b97000 	C:\WINDOWS\SYSTEM32\dhcpcsvc6.DLL
0x00007ffe39bd0000 - 0x00007ffe39bed000 	C:\WINDOWS\SYSTEM32\dhcpcsvc.DLL
0x00007ffe40c90000 - 0x00007ffe40d5a000 	C:\WINDOWS\SYSTEM32\DNSAPI.dll
0x00007ffe2e8c0000 - 0x00007ffe2e8ce000 	C:\Program Files\Java\jdk-17\bin\sunmscapi.dll
0x00007ffe41970000 - 0x00007ffe41ac6000 	C:\WINDOWS\System32\CRYPT32.dll
0x00007ffe412c0000 - 0x00007ffe412e7000 	C:\WINDOWS\SYSTEM32\ncrypt.dll
0x00007ffe41280000 - 0x00007ffe412bb000 	C:\WINDOWS\SYSTEM32\NTASN1.dll
0x00007ffe33330000 - 0x00007ffe33337000 	C:\WINDOWS\system32\wshunix.dll
0x00007ffe3e790000 - 0x00007ffe3e821000 	C:\WINDOWS\system32\apphelp.dll

dbghelp: loaded successfully - version: 4.0.5 - missing functions: none
symbol engine: initialized successfully - sym options: 0x614 - pdb path: .;C:\Program Files\Java\jdk-17\bin;C:\WINDOWS\SYSTEM32;C:\WINDOWS\WinSxS\amd64_microsoft.windows.common-controls_6595b64144ccf1df_6.0.19041.1110_none_60b5254171f9507e;C:\Program Files\Java\jdk-17\bin\server;C:\Users\ASUS\.gradle\native\c067742578af261105cb4f569cf0c3c89f3d7b1fecec35dd04571415982c5e48\windows-amd64;C:\Users\ASUS\.gradle\native\100fb08df4bc3b14c8652ba06237920a3bd2aa13389f12d3474272988ae205f9\windows-amd64

VM Arguments:
jvm_args: --add-opens=java.base/java.util=ALL-UNNAMED --add-opens=java.base/java.lang=ALL-UNNAMED --add-opens=java.base/java.lang.invoke=ALL-UNNAMED --add-opens=java.prefs/java.util.prefs=ALL-UNNAMED --add-opens=java.base/java.nio.charset=ALL-UNNAMED --add-opens=java.base/java.net=ALL-UNNAMED --add-opens=java.base/java.util.concurrent.atomic=ALL-UNNAMED -XX:MaxMetaspaceSize=384m -XX:+HeapDumpOnOutOfMemoryError -Xms256m -Xmx512m -Dfile.encoding=windows-1252 -Duser.country=US -Duser.language=en -Duser.variant -javaagent:C:\Users\ASUS\.gradle\wrapper\dists\gradle-8.8-bin\dl7vupf4psengwqhwktix4v1\gradle-8.8\lib\agents\gradle-instrumentation-agent-8.8.jar 
java_command: org.gradle.launcher.daemon.bootstrap.GradleDaemon 8.8
java_class_path (initial): C:\Users\ASUS\.gradle\wrapper\dists\gradle-8.8-bin\dl7vupf4psengwqhwktix4v1\gradle-8.8\lib\gradle-launcher-8.8.jar
Launcher Type: SUN_STANDARD

[Global flags]
     intx CICompilerCount                          = 3                                         {product} {ergonomic}
   size_t CompressedClassSpaceSize                 = 335544320                                 {product} {ergonomic}
     uint ConcGCThreads                            = 1                                         {product} {ergonomic}
     uint G1ConcRefinementThreads                  = 4                                         {product} {ergonomic}
   size_t G1HeapRegionSize                         = 1048576                                   {product} {ergonomic}
    uintx GCDrainStackTargetSize                   = 64                                        {product} {ergonomic}
     bool HeapDumpOnOutOfMemoryError               = true                                   {manageable} {command line}
   size_t InitialHeapSize                          = 268435456                                 {product} {command line}
   size_t MarkStackSize                            = 4194304                                   {product} {ergonomic}
   size_t MaxHeapSize                              = 536870912                                 {product} {command line}
   size_t MaxMetaspaceSize                         = 402653184                                 {product} {command line}
   size_t MaxNewSize                               = 321912832                                 {product} {ergonomic}
   size_t MinHeapDeltaBytes                        = 1048576                                   {product} {ergonomic}
   size_t MinHeapSize                              = 268435456                                 {product} {command line}
    uintx NonNMethodCodeHeapSize                   = 5832780                                {pd product} {ergonomic}
    uintx NonProfiledCodeHeapSize                  = 122912730                              {pd product} {ergonomic}
    uintx ProfiledCodeHeapSize                     = 122912730                              {pd product} {ergonomic}
    uintx ReservedCodeCacheSize                    = 251658240                              {pd product} {ergonomic}
     bool SegmentedCodeCache                       = true                                      {product} {ergonomic}
   size_t SoftMaxHeapSize                          = 536870912                              {manageable} {ergonomic}
     bool UseCompressedClassPointers               = true                           {product lp64_product} {ergonomic}
     bool UseCompressedOops                        = true                           {product lp64_product} {ergonomic}
     bool UseG1GC                                  = true                                      {product} {ergonomic}
     bool UseLargePagesIndividualAllocation        = false                                  {pd product} {ergonomic}

Logging:
Log output configuration:
 #0: stdout all=warning uptime,level,tags
 #1: stderr all=off uptime,level,tags

Environment Variables:
PATH=C:\Program Files\Common Files\Oracle\Java\javapath;C:\Program Files (x86)\Common Files\Oracle\Java\javapath;C:\Program Files (x86)\Common Files\Intel\Shared Libraries\redist\intel64\compiler;C:\Windows\system32;C:\Windows;C:\Windows\System32\Wbem;C:\Windows\System32\WindowsPowerShell\v1.0\;C:\Windows\System32\OpenSSH\;C:\Program Files (x86)\NVIDIA Corporation\PhysX\Common;C:\Program Files\NVIDIA Corporation\NVIDIA NvDLISR;C:\WINDOWS\system32;C:\WINDOWS;C:\WINDOWS\System32\Wbem;C:\WINDOWS\System32\WindowsPowerShell\v1.0\;C:\WINDOWS\System32\OpenSSH\;C:\Program Files (x86)\Microsoft SQL Server\100\Tools\Binn\;C:\Program Files (x86)\Microsoft SQL Server\100\DTS\Binn\;C:\Program Files\Git\cmd;C:\Program Files\MySQL\MySQL Shell 8.0\bin\;C:\Users\ASUS\AppData\Local\Microsoft\WindowsApps;
USERNAME=ASUS
OS=Windows_NT
PROCESSOR_IDENTIFIER=Intel64 Family 6 Model 78 Stepping 3, GenuineIntel



---------------  S Y S T E M  ---------------

OS:
 Windows 10 , 64 bit Build 19041 (10.0.19041.2251)
OS uptime: 3 days 7:52 hours

CPU: total 4 (initial active 4) (2 cores per cpu, 2 threads per core) family 6 model 78 stepping 3 microcode 0xcc, cx8, cmov, fxsr, ht, mmx, 3dnowpref, sse, sse2, sse3, ssse3, sse4.1, sse4.2, popcnt, lzcnt, tsc, tscinvbit, avx, avx2, aes, erms, clmul, bmi1, bmi2, adx, fma, vzeroupper, clflush, clflushopt

Memory: 4k page, system-wide physical 3960M (172M free)
TotalPageFile size 13507M (AvailPageFile size 6M)
current process WorkingSet (physical memory assigned to process): 197M, peak: 274M
current process commit charge ("private bytes"): 473M, peak: 475M

vm_info: Java HotSpot(TM) 64-Bit Server VM (17.0.10+11-LTS-240) for windows-amd64 JRE (17.0.10+11-LTS-240), built on Dec 19 2023 21:47:25 by "mach5one" with MS VC++ 17.1 (VS2022)

END.
